<?xml version="1.0" encoding="UTF-8"?>
<!-- Generated by org.testng.reporters.JUnitXMLReporter -->
<testsuite ignored="0" hostname="LAPTOP-GKK5FGOO" failures="1" tests="1" name="AdminTest" time="3.999" errors="0" timestamp="2024-03-20T11:43:20 IST">
  <testcase classname="com.obsqura.tests.AdminTest" name="createAdmin" time="1.161">
    <failure type="java.io.FileNotFoundException" message="C:\Users\Remya P\eclipse-workspace\7Mart\src\test\resources\testData\testData.xlsx (The system cannot find the path specified)">
      <![CDATA[java.io.FileNotFoundException: C:\Users\Remya P\eclipse-workspace\7Mart\src\test\resources\testData\testData.xlsx (The system cannot find the path specified)
at java.base/java.io.FileInputStream.open0(Native Method)
at java.base/java.io.FileInputStream.open(FileInputStream.java:216)
at java.base/java.io.FileInputStream.<init>(FileInputStream.java:157)
at java.base/java.io.FileInputStream.<init>(FileInputStream.java:111)
at com.obsqura.utils.ExcelReader.getSheetData(ExcelReader.java:16)
at com.obsqura.tests.AdminTest.createAdmin(AdminTest.java:18)
at java.base/java.util.ArrayList.forEach(ArrayList.java:1511)
... Removed 27 stack frames]]>
    </failure>
  </testcase> <!-- createAdmin -->
</testsuite> <!-- AdminTest -->
