<?xml version="1.0" encoding="UTF-8"?>
<!-- Generated by org.testng.reporters.JUnitXMLReporter -->
<testsuite ignored="0" hostname="LAPTOP-GKK5FGOO" failures="0" tests="2" name="CreateDeliveryBoyTest" time="18.526" errors="0" timestamp="2024-03-20T11:43:08 IST">
  <testcase classname="com.obsqura.tests.CreateDeliveryBoyTest" name="createDeliveryBoy" time="5.646"/>
  <testcase classname="com.obsqura.tests.CreateDeliveryBoyTest" name="createDeliveryBoy" time="6.656"/>
</testsuite> <!-- CreateDeliveryBoyTest -->
