<?xml version="1.0" encoding="UTF-8"?>
<!-- Generated by org.testng.reporters.JUnitReportReporter -->
<testsuite hostname="LAPTOP-GKK5FGOO" failures="0" tests="1" name="com.obsqura.tests.NotificationTest" time="3450.248" errors="1" timestamp="2024-03-19T12:13:14 IST" skipped="0">
  <testcase classname="com.obsqura.tests.NotificationTest" name="verifyUserIsSendNotifications" time="3450.248">
    <error message="disconnected: Unable to receive message from renderer
  (failed to check if window was closed: disconnected: not connected to DevTools)
  (Session info: chrome=122.0.6261.129)
Build info: version: &#039;4.16.1&#039;, revision: &#039;9b4c83354e&#039;
System info: os.name: &#039;Windows 11&#039;, os.arch: &#039;amd64&#039;, os.version: &#039;10.0&#039;, java.version: &#039;17.0.8&#039;
Driver info: org.openqa.selenium.chrome.ChromeDriver
Command: [568f06663246acf6dd6c6ab968cb8de0, clickElement {id=f.13F51A2376A041AC3CA4355A92C4CEC2.d.119F1A16493E46D437572C194B98F2D8.e.53937}]
Capabilities {acceptInsecureCerts: false, browserName: chrome, browserVersion: 122.0.6261.129, chrome: {chromedriverVersion: 122.0.6261.128 (f18a44fedeb..., userDataDir: C:\Users\REMYAP~1\AppData\L...}, fedcm:accounts: true, goog:chromeOptions: {debuggerAddress: localhost:59025}, networkConnectionEnabled: false, pageLoadStrategy: normal, platformName: windows, proxy: Proxy(), se:cdp: ws://localhost:59025/devtoo..., se:cdpVersion: 122.0.6261.129, setWindowRect: true, strictFileInteractability: false, timeouts: {implicit: 0, pageLoad: 300000, script: 30000}, unhandledPromptBehavior: dismiss and notify, webauthn:extension:credBlob: true, webauthn:extension:largeBlob: true, webauthn:extension:minPinLength: true, webauthn:extension:prf: true, webauthn:virtualAuthenticators: true}
Element: [[ChromeDriver: chrome on windows (568f06663246acf6dd6c6ab968cb8de0)] -&gt; css selector: [name=&#039;create&#039;]]
Session ID: 568f06663246acf6dd6c6ab968cb8de0" type="org.openqa.selenium.WebDriverException">
      <![CDATA[org.openqa.selenium.WebDriverException: disconnected: Unable to receive message from renderer
  (failed to check if window was closed: disconnected: not connected to DevTools)
  (Session info: chrome=122.0.6261.129)
Build info: version: '4.16.1', revision: '9b4c83354e'
System info: os.name: 'Windows 11', os.arch: 'amd64', os.version: '10.0', java.version: '17.0.8'
Driver info: org.openqa.selenium.chrome.ChromeDriver
Command: [568f06663246acf6dd6c6ab968cb8de0, clickElement {id=f.13F51A2376A041AC3CA4355A92C4CEC2.d.119F1A16493E46D437572C194B98F2D8.e.53937}]
Capabilities {acceptInsecureCerts: false, browserName: chrome, browserVersion: 122.0.6261.129, chrome: {chromedriverVersion: 122.0.6261.128 (f18a44fedeb..., userDataDir: C:\Users\REMYAP~1\AppData\L...}, fedcm:accounts: true, goog:chromeOptions: {debuggerAddress: localhost:59025}, networkConnectionEnabled: false, pageLoadStrategy: normal, platformName: windows, proxy: Proxy(), se:cdp: ws://localhost:59025/devtoo..., se:cdpVersion: 122.0.6261.129, setWindowRect: true, strictFileInteractability: false, timeouts: {implicit: 0, pageLoad: 300000, script: 30000}, unhandledPromptBehavior: dismiss and notify, webauthn:extension:credBlob: true, webauthn:extension:largeBlob: true, webauthn:extension:minPinLength: true, webauthn:extension:prf: true, webauthn:virtualAuthenticators: true}
Element: [[ChromeDriver: chrome on windows (568f06663246acf6dd6c6ab968cb8de0)] -> css selector: [name='create']]
Session ID: 568f06663246acf6dd6c6ab968cb8de0
at java.base/jdk.internal.reflect.NativeConstructorAccessorImpl.newInstance0(Native Method)
at java.base/jdk.internal.reflect.NativeConstructorAccessorImpl.newInstance(NativeConstructorAccessorImpl.java:77)
at java.base/jdk.internal.reflect.DelegatingConstructorAccessorImpl.newInstance(DelegatingConstructorAccessorImpl.java:45)
at java.base/java.lang.reflect.Constructor.newInstanceWithCaller(Constructor.java:499)
at java.base/java.lang.reflect.Constructor.newInstance(Constructor.java:480)
at org.openqa.selenium.remote.codec.w3c.W3CHttpResponseCodec.createException(W3CHttpResponseCodec.java:200)
at org.openqa.selenium.remote.codec.w3c.W3CHttpResponseCodec.decode(W3CHttpResponseCodec.java:133)
at org.openqa.selenium.remote.codec.w3c.W3CHttpResponseCodec.decode(W3CHttpResponseCodec.java:52)
at org.openqa.selenium.remote.HttpCommandExecutor.execute(HttpCommandExecutor.java:191)
at org.openqa.selenium.remote.service.DriverCommandExecutor.invokeExecute(DriverCommandExecutor.java:200)
at org.openqa.selenium.remote.service.DriverCommandExecutor.execute(DriverCommandExecutor.java:175)
at org.openqa.selenium.remote.RemoteWebDriver.execute(RemoteWebDriver.java:523)
at org.openqa.selenium.remote.RemoteWebElement.execute(RemoteWebElement.java:224)
at org.openqa.selenium.remote.RemoteWebElement.click(RemoteWebElement.java:77)
at jdk.internal.reflect.GeneratedMethodAccessor2.invoke(Unknown Source)
at java.base/jdk.internal.reflect.DelegatingMethodAccessorImpl.invoke(DelegatingMethodAccessorImpl.java:43)
at java.base/java.lang.reflect.Method.invoke(Method.java:568)
at org.openqa.selenium.support.pagefactory.internal.LocatingElementHandler.invoke(LocatingElementHandler.java:51)
at jdk.proxy2/jdk.proxy2.$Proxy12.click(Unknown Source)
at com.obsqura.pages.NotificationsPage.verifyUserIsSendNotifications(NotificationsPage.java:32)
at com.obsqura.pages.NotificationsPage.verifyUserIsSendNotifications(NotificationsPage.java:33)
at com.obsqura.pages.NotificationsPage.verifyUserIsSendNotifications(NotificationsPage.java:33)
at com.obsqura.pages.NotificationsPage.verifyUserIsSendNotifications(NotificationsPage.java:33)
at com.obsqura.pages.NotificationsPage.verifyUserIsSendNotifications(NotificationsPage.java:33)
at com.obsqura.pages.NotificationsPage.verifyUserIsSendNotifications(NotificationsPage.java:33)
at com.obsqura.pages.NotificationsPage.verifyUserIsSendNotifications(NotificationsPage.java:33)
at com.obsqura.pages.NotificationsPage.verifyUserIsSendNotifications(NotificationsPage.java:33)
at com.obsqura.pages.NotificationsPage.verifyUserIsSendNotifications(NotificationsPage.java:33)
at com.obsqura.pages.NotificationsPage.verifyUserIsSendNotifications(NotificationsPage.java:33)
at com.obsqura.pages.NotificationsPage.verifyUserIsSendNotifications(NotificationsPage.java:33)
at com.obsqura.pages.NotificationsPage.verifyUserIsSendNotifications(NotificationsPage.java:33)
at com.obsqura.pages.NotificationsPage.verifyUserIsSendNotifications(NotificationsPage.java:33)
at com.obsqura.pages.NotificationsPage.verifyUserIsSendNotifications(NotificationsPage.java:33)
at com.obsqura.pages.NotificationsPage.verifyUserIsSendNotifications(NotificationsPage.java:33)
at com.obsqura.pages.NotificationsPage.verifyUserIsSendNotifications(NotificationsPage.java:33)
at com.obsqura.pages.NotificationsPage.verifyUserIsSendNotifications(NotificationsPage.java:33)
at com.obsqura.pages.NotificationsPage.verifyUserIsSendNotifications(NotificationsPage.java:33)
at com.obsqura.pages.NotificationsPage.verifyUserIsSendNotifications(NotificationsPage.java:33)
at com.obsqura.pages.NotificationsPage.verifyUserIsSendNotifications(NotificationsPage.java:33)
at com.obsqura.pages.NotificationsPage.verifyUserIsSendNotifications(NotificationsPage.java:33)
at com.obsqura.pages.NotificationsPage.verifyUserIsSendNotifications(NotificationsPage.java:33)
at com.obsqura.pages.NotificationsPage.verifyUserIsSendNotifications(NotificationsPage.java:33)
at com.obsqura.pages.NotificationsPage.verifyUserIsSendNotifications(NotificationsPage.java:33)
at com.obsqura.pages.NotificationsPage.verifyUserIsSendNotifications(NotificationsPage.java:33)
at com.obsqura.pages.NotificationsPage.verifyUserIsSendNotifications(NotificationsPage.java:33)
at com.obsqura.pages.NotificationsPage.verifyUserIsSendNotifications(NotificationsPage.java:33)
at com.obsqura.pages.NotificationsPage.verifyUserIsSendNotifications(NotificationsPage.java:33)
at com.obsqura.pages.NotificationsPage.verifyUserIsSendNotifications(NotificationsPage.java:33)
at com.obsqura.pages.NotificationsPage.verifyUserIsSendNotifications(NotificationsPage.java:33)
at com.obsqura.pages.NotificationsPage.verifyUserIsSendNotifications(NotificationsPage.java:33)
at com.obsqura.pages.NotificationsPage.verifyUserIsSendNotifications(NotificationsPage.java:33)
at com.obsqura.pages.NotificationsPage.verifyUserIsSendNotifications(NotificationsPage.java:33)
at com.obsqura.pages.NotificationsPage.verifyUserIsSendNotifications(NotificationsPage.java:33)
at com.obsqura.pages.NotificationsPage.verifyUserIsSendNotifications(NotificationsPage.java:33)
at com.obsqura.pages.NotificationsPage.verifyUserIsSendNotifications(NotificationsPage.java:33)
at com.obsqura.pages.NotificationsPage.verifyUserIsSendNotifications(NotificationsPage.java:33)
at com.obsqura.pages.NotificationsPage.verifyUserIsSendNotifications(NotificationsPage.java:33)
at com.obsqura.pages.NotificationsPage.verifyUserIsSendNotifications(NotificationsPage.java:33)
at com.obsqura.pages.NotificationsPage.verifyUserIsSendNotifications(NotificationsPage.java:33)
at com.obsqura.pages.NotificationsPage.verifyUserIsSendNotifications(NotificationsPage.java:33)
at com.obsqura.pages.NotificationsPage.verifyUserIsSendNotifications(NotificationsPage.java:33)
at com.obsqura.pages.NotificationsPage.verifyUserIsSendNotifications(NotificationsPage.java:33)
at com.obsqura.pages.NotificationsPage.verifyUserIsSendNotifications(NotificationsPage.java:33)
at com.obsqura.pages.NotificationsPage.verifyUserIsSendNotifications(NotificationsPage.java:33)
at com.obsqura.pages.NotificationsPage.verifyUserIsSendNotifications(NotificationsPage.java:33)
at com.obsqura.pages.NotificationsPage.verifyUserIsSendNotifications(NotificationsPage.java:33)
at com.obsqura.pages.NotificationsPage.verifyUserIsSendNotifications(NotificationsPage.java:33)
at com.obsqura.pages.NotificationsPage.verifyUserIsSendNotifications(NotificationsPage.java:33)
at com.obsqura.pages.NotificationsPage.verifyUserIsSendNotifications(NotificationsPage.java:33)
at com.obsqura.pages.NotificationsPage.verifyUserIsSendNotifications(NotificationsPage.java:33)
at com.obsqura.pages.NotificationsPage.verifyUserIsSendNotifications(NotificationsPage.java:33)
at com.obsqura.pages.NotificationsPage.verifyUserIsSendNotifications(NotificationsPage.java:33)
at com.obsqura.pages.NotificationsPage.verifyUserIsSendNotifications(NotificationsPage.java:33)
at com.obsqura.pages.NotificationsPage.verifyUserIsSendNotifications(NotificationsPage.java:33)
at com.obsqura.pages.NotificationsPage.verifyUserIsSendNotifications(NotificationsPage.java:33)
at com.obsqura.pages.NotificationsPage.verifyUserIsSendNotifications(NotificationsPage.java:33)
at com.obsqura.pages.NotificationsPage.verifyUserIsSendNotifications(NotificationsPage.java:33)
at com.obsqura.pages.NotificationsPage.verifyUserIsSendNotifications(NotificationsPage.java:33)
at com.obsqura.pages.NotificationsPage.verifyUserIsSendNotifications(NotificationsPage.java:33)
at com.obsqura.pages.NotificationsPage.verifyUserIsSendNotifications(NotificationsPage.java:33)
at com.obsqura.pages.NotificationsPage.verifyUserIsSendNotifications(NotificationsPage.java:33)
at com.obsqura.pages.NotificationsPage.verifyUserIsSendNotifications(NotificationsPage.java:33)
at com.obsqura.pages.NotificationsPage.verifyUserIsSendNotifications(NotificationsPage.java:33)
at com.obsqura.pages.NotificationsPage.verifyUserIsSendNotifications(NotificationsPage.java:33)
at com.obsqura.pages.NotificationsPage.verifyUserIsSendNotifications(NotificationsPage.java:33)
at com.obsqura.pages.NotificationsPage.verifyUserIsSendNotifications(NotificationsPage.java:33)
at com.obsqura.pages.NotificationsPage.verifyUserIsSendNotifications(NotificationsPage.java:33)
at com.obsqura.pages.NotificationsPage.verifyUserIsSendNotifications(NotificationsPage.java:33)
at com.obsqura.pages.NotificationsPage.verifyUserIsSendNotifications(NotificationsPage.java:33)
at com.obsqura.pages.NotificationsPage.verifyUserIsSendNotifications(NotificationsPage.java:33)
at com.obsqura.pages.NotificationsPage.verifyUserIsSendNotifications(NotificationsPage.java:33)
at com.obsqura.pages.NotificationsPage.verifyUserIsSendNotifications(NotificationsPage.java:33)
at com.obsqura.pages.NotificationsPage.verifyUserIsSendNotifications(NotificationsPage.java:33)
at com.obsqura.pages.NotificationsPage.verifyUserIsSendNotifications(NotificationsPage.java:33)
at com.obsqura.pages.NotificationsPage.verifyUserIsSendNotifications(NotificationsPage.java:33)
at com.obsqura.pages.NotificationsPage.verifyUserIsSendNotifications(NotificationsPage.java:33)
at com.obsqura.pages.NotificationsPage.verifyUserIsSendNotifications(NotificationsPage.java:33)
at com.obsqura.pages.NotificationsPage.verifyUserIsSendNotifications(NotificationsPage.java:33)
at com.obsqura.pages.NotificationsPage.verifyUserIsSendNotifications(NotificationsPage.java:33)
at com.obsqura.pages.NotificationsPage.verifyUserIsSendNotifications(NotificationsPage.java:33)
at com.obsqura.pages.NotificationsPage.verifyUserIsSendNotifications(NotificationsPage.java:33)
at com.obsqura.pages.NotificationsPage.verifyUserIsSendNotifications(NotificationsPage.java:33)
at com.obsqura.pages.NotificationsPage.verifyUserIsSendNotifications(NotificationsPage.java:33)
at com.obsqura.pages.NotificationsPage.verifyUserIsSendNotifications(NotificationsPage.java:33)
at com.obsqura.pages.NotificationsPage.verifyUserIsSendNotifications(NotificationsPage.java:33)
at com.obsqura.pages.NotificationsPage.verifyUserIsSendNotifications(NotificationsPage.java:33)
at com.obsqura.pages.NotificationsPage.verifyUserIsSendNotifications(NotificationsPage.java:33)
at com.obsqura.pages.NotificationsPage.verifyUserIsSendNotifications(NotificationsPage.java:33)
at com.obsqura.pages.NotificationsPage.verifyUserIsSendNotifications(NotificationsPage.java:33)
at com.obsqura.pages.NotificationsPage.verifyUserIsSendNotifications(NotificationsPage.java:33)
at com.obsqura.pages.NotificationsPage.verifyUserIsSendNotifications(NotificationsPage.java:33)
at com.obsqura.pages.NotificationsPage.verifyUserIsSendNotifications(NotificationsPage.java:33)
at com.obsqura.pages.NotificationsPage.verifyUserIsSendNotifications(NotificationsPage.java:33)
at com.obsqura.pages.NotificationsPage.verifyUserIsSendNotifications(NotificationsPage.java:33)
at com.obsqura.pages.NotificationsPage.verifyUserIsSendNotifications(NotificationsPage.java:33)
at com.obsqura.pages.NotificationsPage.verifyUserIsSendNotifications(NotificationsPage.java:33)
at com.obsqura.pages.NotificationsPage.verifyUserIsSendNotifications(NotificationsPage.java:33)
at com.obsqura.pages.NotificationsPage.verifyUserIsSendNotifications(NotificationsPage.java:33)
at com.obsqura.pages.NotificationsPage.verifyUserIsSendNotifications(NotificationsPage.java:33)
at com.obsqura.pages.NotificationsPage.verifyUserIsSendNotifications(NotificationsPage.java:33)
at com.obsqura.pages.NotificationsPage.verifyUserIsSendNotifications(NotificationsPage.java:33)
at com.obsqura.pages.NotificationsPage.verifyUserIsSendNotifications(NotificationsPage.java:33)
at com.obsqura.pages.NotificationsPage.verifyUserIsSendNotifications(NotificationsPage.java:33)
at com.obsqura.pages.NotificationsPage.verifyUserIsSendNotifications(NotificationsPage.java:33)
at com.obsqura.pages.NotificationsPage.verifyUserIsSendNotifications(NotificationsPage.java:33)
at com.obsqura.pages.NotificationsPage.verifyUserIsSendNotifications(NotificationsPage.java:33)
at com.obsqura.pages.NotificationsPage.verifyUserIsSendNotifications(NotificationsPage.java:33)
at com.obsqura.pages.NotificationsPage.verifyUserIsSendNotifications(NotificationsPage.java:33)
at com.obsqura.pages.NotificationsPage.verifyUserIsSendNotifications(NotificationsPage.java:33)
at com.obsqura.pages.NotificationsPage.verifyUserIsSendNotifications(NotificationsPage.java:33)
at com.obsqura.pages.NotificationsPage.verifyUserIsSendNotifications(NotificationsPage.java:33)
at com.obsqura.pages.NotificationsPage.verifyUserIsSendNotifications(NotificationsPage.java:33)
at com.obsqura.pages.NotificationsPage.verifyUserIsSendNotifications(NotificationsPage.java:33)
at com.obsqura.pages.NotificationsPage.verifyUserIsSendNotifications(NotificationsPage.java:33)
at com.obsqura.pages.NotificationsPage.verifyUserIsSendNotifications(NotificationsPage.java:33)
at com.obsqura.pages.NotificationsPage.verifyUserIsSendNotifications(NotificationsPage.java:33)
at com.obsqura.pages.NotificationsPage.verifyUserIsSendNotifications(NotificationsPage.java:33)
at com.obsqura.pages.NotificationsPage.verifyUserIsSendNotifications(NotificationsPage.java:33)
at com.obsqura.pages.NotificationsPage.verifyUserIsSendNotifications(NotificationsPage.java:33)
at com.obsqura.pages.NotificationsPage.verifyUserIsSendNotifications(NotificationsPage.java:33)
at com.obsqura.pages.NotificationsPage.verifyUserIsSendNotifications(NotificationsPage.java:33)
at com.obsqura.pages.NotificationsPage.verifyUserIsSendNotifications(NotificationsPage.java:33)
at com.obsqura.pages.NotificationsPage.verifyUserIsSendNotifications(NotificationsPage.java:33)
at com.obsqura.pages.NotificationsPage.verifyUserIsSendNotifications(NotificationsPage.java:33)
at com.obsqura.pages.NotificationsPage.verifyUserIsSendNotifications(NotificationsPage.java:33)
at com.obsqura.pages.NotificationsPage.verifyUserIsSendNotifications(NotificationsPage.java:33)
at com.obsqura.pages.NotificationsPage.verifyUserIsSendNotifications(NotificationsPage.java:33)
at com.obsqura.pages.NotificationsPage.verifyUserIsSendNotifications(NotificationsPage.java:33)
at com.obsqura.pages.NotificationsPage.verifyUserIsSendNotifications(NotificationsPage.java:33)
at com.obsqura.pages.NotificationsPage.verifyUserIsSendNotifications(NotificationsPage.java:33)
at com.obsqura.pages.NotificationsPage.verifyUserIsSendNotifications(NotificationsPage.java:33)
at com.obsqura.pages.NotificationsPage.verifyUserIsSendNotifications(NotificationsPage.java:33)
at com.obsqura.pages.NotificationsPage.verifyUserIsSendNotifications(NotificationsPage.java:33)
at com.obsqura.pages.NotificationsPage.verifyUserIsSendNotifications(NotificationsPage.java:33)
at com.obsqura.pages.NotificationsPage.verifyUserIsSendNotifications(NotificationsPage.java:33)
at com.obsqura.pages.NotificationsPage.verifyUserIsSendNotifications(NotificationsPage.java:33)
at com.obsqura.pages.NotificationsPage.verifyUserIsSendNotifications(NotificationsPage.java:33)
at com.obsqura.pages.NotificationsPage.verifyUserIsSendNotifications(NotificationsPage.java:33)
at com.obsqura.pages.NotificationsPage.verifyUserIsSendNotifications(NotificationsPage.java:33)
at com.obsqura.pages.NotificationsPage.verifyUserIsSendNotifications(NotificationsPage.java:33)
at com.obsqura.pages.NotificationsPage.verifyUserIsSendNotifications(NotificationsPage.java:33)
at com.obsqura.pages.NotificationsPage.verifyUserIsSendNotifications(NotificationsPage.java:33)
at com.obsqura.pages.NotificationsPage.verifyUserIsSendNotifications(NotificationsPage.java:33)
at com.obsqura.pages.NotificationsPage.verifyUserIsSendNotifications(NotificationsPage.java:33)
at com.obsqura.pages.NotificationsPage.verifyUserIsSendNotifications(NotificationsPage.java:33)
at com.obsqura.pages.NotificationsPage.verifyUserIsSendNotifications(NotificationsPage.java:33)
at com.obsqura.pages.NotificationsPage.verifyUserIsSendNotifications(NotificationsPage.java:33)
at com.obsqura.pages.NotificationsPage.verifyUserIsSendNotifications(NotificationsPage.java:33)
at com.obsqura.pages.NotificationsPage.verifyUserIsSendNotifications(NotificationsPage.java:33)
at com.obsqura.pages.NotificationsPage.verifyUserIsSendNotifications(NotificationsPage.java:33)
at com.obsqura.pages.NotificationsPage.verifyUserIsSendNotifications(NotificationsPage.java:33)
at com.obsqura.pages.NotificationsPage.verifyUserIsSendNotifications(NotificationsPage.java:33)
at com.obsqura.pages.NotificationsPage.verifyUserIsSendNotifications(NotificationsPage.java:33)
at com.obsqura.pages.NotificationsPage.verifyUserIsSendNotifications(NotificationsPage.java:33)
at com.obsqura.pages.NotificationsPage.verifyUserIsSendNotifications(NotificationsPage.java:33)
at com.obsqura.pages.NotificationsPage.verifyUserIsSendNotifications(NotificationsPage.java:33)
at com.obsqura.pages.NotificationsPage.verifyUserIsSendNotifications(NotificationsPage.java:33)
at com.obsqura.pages.NotificationsPage.verifyUserIsSendNotifications(NotificationsPage.java:33)
at com.obsqura.pages.NotificationsPage.verifyUserIsSendNotifications(NotificationsPage.java:33)
at com.obsqura.pages.NotificationsPage.verifyUserIsSendNotifications(NotificationsPage.java:33)
at com.obsqura.pages.NotificationsPage.verifyUserIsSendNotifications(NotificationsPage.java:33)
at com.obsqura.pages.NotificationsPage.verifyUserIsSendNotifications(NotificationsPage.java:33)
at com.obsqura.pages.NotificationsPage.verifyUserIsSendNotifications(NotificationsPage.java:33)
at com.obsqura.pages.NotificationsPage.verifyUserIsSendNotifications(NotificationsPage.java:33)
at com.obsqura.pages.NotificationsPage.verifyUserIsSendNotifications(NotificationsPage.java:33)
at com.obsqura.pages.NotificationsPage.verifyUserIsSendNotifications(NotificationsPage.java:33)
at com.obsqura.pages.NotificationsPage.verifyUserIsSendNotifications(NotificationsPage.java:33)
at com.obsqura.pages.NotificationsPage.verifyUserIsSendNotifications(NotificationsPage.java:33)
at com.obsqura.pages.NotificationsPage.verifyUserIsSendNotifications(NotificationsPage.java:33)
at com.obsqura.pages.NotificationsPage.verifyUserIsSendNotifications(NotificationsPage.java:33)
at com.obsqura.pages.NotificationsPage.verifyUserIsSendNotifications(NotificationsPage.java:33)
at com.obsqura.pages.NotificationsPage.verifyUserIsSendNotifications(NotificationsPage.java:33)
at com.obsqura.pages.NotificationsPage.verifyUserIsSendNotifications(NotificationsPage.java:33)
at com.obsqura.pages.NotificationsPage.verifyUserIsSendNotifications(NotificationsPage.java:33)
at com.obsqura.pages.NotificationsPage.verifyUserIsSendNotifications(NotificationsPage.java:33)
at com.obsqura.pages.NotificationsPage.verifyUserIsSendNotifications(NotificationsPage.java:33)
at com.obsqura.pages.NotificationsPage.verifyUserIsSendNotifications(NotificationsPage.java:33)
at com.obsqura.pages.NotificationsPage.verifyUserIsSendNotifications(NotificationsPage.java:33)
at com.obsqura.pages.NotificationsPage.verifyUserIsSendNotifications(NotificationsPage.java:33)
at com.obsqura.pages.NotificationsPage.verifyUserIsSendNotifications(NotificationsPage.java:33)
at com.obsqura.pages.NotificationsPage.verifyUserIsSendNotifications(NotificationsPage.java:33)
at com.obsqura.pages.NotificationsPage.verifyUserIsSendNotifications(NotificationsPage.java:33)
at com.obsqura.pages.NotificationsPage.verifyUserIsSendNotifications(NotificationsPage.java:33)
at com.obsqura.pages.NotificationsPage.verifyUserIsSendNotifications(NotificationsPage.java:33)
at com.obsqura.pages.NotificationsPage.verifyUserIsSendNotifications(NotificationsPage.java:33)
at com.obsqura.pages.NotificationsPage.verifyUserIsSendNotifications(NotificationsPage.java:33)
at com.obsqura.pages.NotificationsPage.verifyUserIsSendNotifications(NotificationsPage.java:33)
at com.obsqura.pages.NotificationsPage.verifyUserIsSendNotifications(NotificationsPage.java:33)
at com.obsqura.pages.NotificationsPage.verifyUserIsSendNotifications(NotificationsPage.java:33)
at com.obsqura.pages.NotificationsPage.verifyUserIsSendNotifications(NotificationsPage.java:33)
at com.obsqura.pages.NotificationsPage.verifyUserIsSendNotifications(NotificationsPage.java:33)
at com.obsqura.pages.NotificationsPage.verifyUserIsSendNotifications(NotificationsPage.java:33)
at com.obsqura.pages.NotificationsPage.verifyUserIsSendNotifications(NotificationsPage.java:33)
at com.obsqura.pages.NotificationsPage.verifyUserIsSendNotifications(NotificationsPage.java:33)
at com.obsqura.pages.NotificationsPage.verifyUserIsSendNotifications(NotificationsPage.java:33)
at com.obsqura.pages.NotificationsPage.verifyUserIsSendNotifications(NotificationsPage.java:33)
at com.obsqura.pages.NotificationsPage.verifyUserIsSendNotifications(NotificationsPage.java:33)
at com.obsqura.pages.NotificationsPage.verifyUserIsSendNotifications(NotificationsPage.java:33)
at com.obsqura.pages.NotificationsPage.verifyUserIsSendNotifications(NotificationsPage.java:33)
at com.obsqura.pages.NotificationsPage.verifyUserIsSendNotifications(NotificationsPage.java:33)
at com.obsqura.pages.NotificationsPage.verifyUserIsSendNotifications(NotificationsPage.java:33)
at com.obsqura.pages.NotificationsPage.verifyUserIsSendNotifications(NotificationsPage.java:33)
at com.obsqura.pages.NotificationsPage.verifyUserIsSendNotifications(NotificationsPage.java:33)
at com.obsqura.pages.NotificationsPage.verifyUserIsSendNotifications(NotificationsPage.java:33)
at com.obsqura.pages.NotificationsPage.verifyUserIsSendNotifications(NotificationsPage.java:33)
at com.obsqura.pages.NotificationsPage.verifyUserIsSendNotifications(NotificationsPage.java:33)
at com.obsqura.pages.NotificationsPage.verifyUserIsSendNotifications(NotificationsPage.java:33)
at com.obsqura.pages.NotificationsPage.verifyUserIsSendNotifications(NotificationsPage.java:33)
at com.obsqura.pages.NotificationsPage.verifyUserIsSendNotifications(NotificationsPage.java:33)
at com.obsqura.pages.NotificationsPage.verifyUserIsSendNotifications(NotificationsPage.java:33)
at com.obsqura.pages.NotificationsPage.verifyUserIsSendNotifications(NotificationsPage.java:33)
at com.obsqura.pages.NotificationsPage.verifyUserIsSendNotifications(NotificationsPage.java:33)
at com.obsqura.pages.NotificationsPage.verifyUserIsSendNotifications(NotificationsPage.java:33)
at com.obsqura.pages.NotificationsPage.verifyUserIsSendNotifications(NotificationsPage.java:33)
at com.obsqura.pages.NotificationsPage.verifyUserIsSendNotifications(NotificationsPage.java:33)
at com.obsqura.pages.NotificationsPage.verifyUserIsSendNotifications(NotificationsPage.java:33)
at com.obsqura.pages.NotificationsPage.verifyUserIsSendNotifications(NotificationsPage.java:33)
at com.obsqura.pages.NotificationsPage.verifyUserIsSendNotifications(NotificationsPage.java:33)
at com.obsqura.pages.NotificationsPage.verifyUserIsSendNotifications(NotificationsPage.java:33)
at com.obsqura.pages.NotificationsPage.verifyUserIsSendNotifications(NotificationsPage.java:33)
at com.obsqura.pages.NotificationsPage.verifyUserIsSendNotifications(NotificationsPage.java:33)
at com.obsqura.pages.NotificationsPage.verifyUserIsSendNotifications(NotificationsPage.java:33)
at com.obsqura.pages.NotificationsPage.verifyUserIsSendNotifications(NotificationsPage.java:33)
at com.obsqura.pages.NotificationsPage.verifyUserIsSendNotifications(NotificationsPage.java:33)
at com.obsqura.pages.NotificationsPage.verifyUserIsSendNotifications(NotificationsPage.java:33)
at com.obsqura.pages.NotificationsPage.verifyUserIsSendNotifications(NotificationsPage.java:33)
at com.obsqura.pages.NotificationsPage.verifyUserIsSendNotifications(NotificationsPage.java:33)
at com.obsqura.pages.NotificationsPage.verifyUserIsSendNotifications(NotificationsPage.java:33)
at com.obsqura.pages.NotificationsPage.verifyUserIsSendNotifications(NotificationsPage.java:33)
at com.obsqura.pages.NotificationsPage.verifyUserIsSendNotifications(NotificationsPage.java:33)
at com.obsqura.pages.NotificationsPage.verifyUserIsSendNotifications(NotificationsPage.java:33)
at com.obsqura.pages.NotificationsPage.verifyUserIsSendNotifications(NotificationsPage.java:33)
at com.obsqura.pages.NotificationsPage.verifyUserIsSendNotifications(NotificationsPage.java:33)
at com.obsqura.pages.NotificationsPage.verifyUserIsSendNotifications(NotificationsPage.java:33)
at com.obsqura.pages.NotificationsPage.verifyUserIsSendNotifications(NotificationsPage.java:33)
at com.obsqura.pages.NotificationsPage.verifyUserIsSendNotifications(NotificationsPage.java:33)
at com.obsqura.pages.NotificationsPage.verifyUserIsSendNotifications(NotificationsPage.java:33)
at com.obsqura.pages.NotificationsPage.verifyUserIsSendNotifications(NotificationsPage.java:33)
at com.obsqura.pages.NotificationsPage.verifyUserIsSendNotifications(NotificationsPage.java:33)
at com.obsqura.pages.NotificationsPage.verifyUserIsSendNotifications(NotificationsPage.java:33)
at com.obsqura.pages.NotificationsPage.verifyUserIsSendNotifications(NotificationsPage.java:33)
at com.obsqura.pages.NotificationsPage.verifyUserIsSendNotifications(NotificationsPage.java:33)
at com.obsqura.pages.NotificationsPage.verifyUserIsSendNotifications(NotificationsPage.java:33)
at com.obsqura.pages.NotificationsPage.verifyUserIsSendNotifications(NotificationsPage.java:33)
at com.obsqura.pages.NotificationsPage.verifyUserIsSendNotifications(NotificationsPage.java:33)
at com.obsqura.pages.NotificationsPage.verifyUserIsSendNotifications(NotificationsPage.java:33)
at com.obsqura.pages.NotificationsPage.verifyUserIsSendNotifications(NotificationsPage.java:33)
at com.obsqura.pages.NotificationsPage.verifyUserIsSendNotifications(NotificationsPage.java:33)
at com.obsqura.pages.NotificationsPage.verifyUserIsSendNotifications(NotificationsPage.java:33)
at com.obsqura.pages.NotificationsPage.verifyUserIsSendNotifications(NotificationsPage.java:33)
at com.obsqura.pages.NotificationsPage.verifyUserIsSendNotifications(NotificationsPage.java:33)
at com.obsqura.pages.NotificationsPage.verifyUserIsSendNotifications(NotificationsPage.java:33)
at com.obsqura.pages.NotificationsPage.verifyUserIsSendNotifications(NotificationsPage.java:33)
at com.obsqura.pages.NotificationsPage.verifyUserIsSendNotifications(NotificationsPage.java:33)
at com.obsqura.pages.NotificationsPage.verifyUserIsSendNotifications(NotificationsPage.java:33)
at com.obsqura.pages.NotificationsPage.verifyUserIsSendNotifications(NotificationsPage.java:33)
at com.obsqura.pages.NotificationsPage.verifyUserIsSendNotifications(NotificationsPage.java:33)
at com.obsqura.pages.NotificationsPage.verifyUserIsSendNotifications(NotificationsPage.java:33)
at com.obsqura.pages.NotificationsPage.verifyUserIsSendNotifications(NotificationsPage.java:33)
at com.obsqura.pages.NotificationsPage.verifyUserIsSendNotifications(NotificationsPage.java:33)
at com.obsqura.pages.NotificationsPage.verifyUserIsSendNotifications(NotificationsPage.java:33)
at com.obsqura.pages.NotificationsPage.verifyUserIsSendNotifications(NotificationsPage.java:33)
at com.obsqura.pages.NotificationsPage.verifyUserIsSendNotifications(NotificationsPage.java:33)
at com.obsqura.pages.NotificationsPage.verifyUserIsSendNotifications(NotificationsPage.java:33)
at com.obsqura.pages.NotificationsPage.verifyUserIsSendNotifications(NotificationsPage.java:33)
at com.obsqura.pages.NotificationsPage.verifyUserIsSendNotifications(NotificationsPage.java:33)
at com.obsqura.pages.NotificationsPage.verifyUserIsSendNotifications(NotificationsPage.java:33)
at com.obsqura.pages.NotificationsPage.verifyUserIsSendNotifications(NotificationsPage.java:33)
at com.obsqura.pages.NotificationsPage.verifyUserIsSendNotifications(NotificationsPage.java:33)
at com.obsqura.pages.NotificationsPage.verifyUserIsSendNotifications(NotificationsPage.java:33)
at com.obsqura.pages.NotificationsPage.verifyUserIsSendNotifications(NotificationsPage.java:33)
at com.obsqura.pages.NotificationsPage.verifyUserIsSendNotifications(NotificationsPage.java:33)
at com.obsqura.pages.NotificationsPage.verifyUserIsSendNotifications(NotificationsPage.java:33)
at com.obsqura.pages.NotificationsPage.verifyUserIsSendNotifications(NotificationsPage.java:33)
at com.obsqura.pages.NotificationsPage.verifyUserIsSendNotifications(NotificationsPage.java:33)
at com.obsqura.pages.NotificationsPage.verifyUserIsSendNotifications(NotificationsPage.java:33)
at com.obsqura.pages.NotificationsPage.verifyUserIsSendNotifications(NotificationsPage.java:33)
at com.obsqura.pages.NotificationsPage.verifyUserIsSendNotifications(NotificationsPage.java:33)
at com.obsqura.pages.NotificationsPage.verifyUserIsSendNotifications(NotificationsPage.java:33)
at com.obsqura.pages.NotificationsPage.verifyUserIsSendNotifications(NotificationsPage.java:33)
at com.obsqura.pages.NotificationsPage.verifyUserIsSendNotifications(NotificationsPage.java:33)
at com.obsqura.pages.NotificationsPage.verifyUserIsSendNotifications(NotificationsPage.java:33)
at com.obsqura.pages.NotificationsPage.verifyUserIsSendNotifications(NotificationsPage.java:33)
at com.obsqura.pages.NotificationsPage.verifyUserIsSendNotifications(NotificationsPage.java:33)
at com.obsqura.pages.NotificationsPage.verifyUserIsSendNotifications(NotificationsPage.java:33)
at com.obsqura.pages.NotificationsPage.verifyUserIsSendNotifications(NotificationsPage.java:33)
at com.obsqura.pages.NotificationsPage.verifyUserIsSendNotifications(NotificationsPage.java:33)
at com.obsqura.pages.NotificationsPage.verifyUserIsSendNotifications(NotificationsPage.java:33)
at com.obsqura.pages.NotificationsPage.verifyUserIsSendNotifications(NotificationsPage.java:33)
at com.obsqura.pages.NotificationsPage.verifyUserIsSendNotifications(NotificationsPage.java:33)
at com.obsqura.pages.NotificationsPage.verifyUserIsSendNotifications(NotificationsPage.java:33)
at com.obsqura.pages.NotificationsPage.verifyUserIsSendNotifications(NotificationsPage.java:33)
at com.obsqura.pages.NotificationsPage.verifyUserIsSendNotifications(NotificationsPage.java:33)
at com.obsqura.pages.NotificationsPage.verifyUserIsSendNotifications(NotificationsPage.java:33)
at com.obsqura.pages.NotificationsPage.verifyUserIsSendNotifications(NotificationsPage.java:33)
at com.obsqura.pages.NotificationsPage.verifyUserIsSendNotifications(NotificationsPage.java:33)
at com.obsqura.pages.NotificationsPage.verifyUserIsSendNotifications(NotificationsPage.java:33)
at com.obsqura.pages.NotificationsPage.verifyUserIsSendNotifications(NotificationsPage.java:33)
at com.obsqura.pages.NotificationsPage.verifyUserIsSendNotifications(NotificationsPage.java:33)
at com.obsqura.pages.NotificationsPage.verifyUserIsSendNotifications(NotificationsPage.java:33)
at com.obsqura.pages.NotificationsPage.verifyUserIsSendNotifications(NotificationsPage.java:33)
at com.obsqura.pages.NotificationsPage.verifyUserIsSendNotifications(NotificationsPage.java:33)
at com.obsqura.pages.NotificationsPage.verifyUserIsSendNotifications(NotificationsPage.java:33)
at com.obsqura.pages.NotificationsPage.verifyUserIsSendNotifications(NotificationsPage.java:33)
at com.obsqura.pages.NotificationsPage.verifyUserIsSendNotifications(NotificationsPage.java:33)
at com.obsqura.pages.NotificationsPage.verifyUserIsSendNotifications(NotificationsPage.java:33)
at com.obsqura.pages.NotificationsPage.verifyUserIsSendNotifications(NotificationsPage.java:33)
at com.obsqura.pages.NotificationsPage.verifyUserIsSendNotifications(NotificationsPage.java:33)
at com.obsqura.pages.NotificationsPage.verifyUserIsSendNotifications(NotificationsPage.java:33)
at com.obsqura.pages.NotificationsPage.verifyUserIsSendNotifications(NotificationsPage.java:33)
at com.obsqura.pages.NotificationsPage.verifyUserIsSendNotifications(NotificationsPage.java:33)
at com.obsqura.pages.NotificationsPage.verifyUserIsSendNotifications(NotificationsPage.java:33)
at com.obsqura.pages.NotificationsPage.verifyUserIsSendNotifications(NotificationsPage.java:33)
at com.obsqura.pages.NotificationsPage.verifyUserIsSendNotifications(NotificationsPage.java:33)
at com.obsqura.pages.NotificationsPage.verifyUserIsSendNotifications(NotificationsPage.java:33)
at com.obsqura.pages.NotificationsPage.verifyUserIsSendNotifications(NotificationsPage.java:33)
at com.obsqura.pages.NotificationsPage.verifyUserIsSendNotifications(NotificationsPage.java:33)
at com.obsqura.pages.NotificationsPage.verifyUserIsSendNotifications(NotificationsPage.java:33)
at com.obsqura.pages.NotificationsPage.verifyUserIsSendNotifications(NotificationsPage.java:33)
at com.obsqura.pages.NotificationsPage.verifyUserIsSendNotifications(NotificationsPage.java:33)
at com.obsqura.pages.NotificationsPage.verifyUserIsSendNotifications(NotificationsPage.java:33)
at com.obsqura.pages.NotificationsPage.verifyUserIsSendNotifications(NotificationsPage.java:33)
at com.obsqura.pages.NotificationsPage.verifyUserIsSendNotifications(NotificationsPage.java:33)
at com.obsqura.pages.NotificationsPage.verifyUserIsSendNotifications(NotificationsPage.java:33)
at com.obsqura.pages.NotificationsPage.verifyUserIsSendNotifications(NotificationsPage.java:33)
at com.obsqura.pages.NotificationsPage.verifyUserIsSendNotifications(NotificationsPage.java:33)
at com.obsqura.pages.NotificationsPage.verifyUserIsSendNotifications(NotificationsPage.java:33)
at com.obsqura.pages.NotificationsPage.verifyUserIsSendNotifications(NotificationsPage.java:33)
at com.obsqura.pages.NotificationsPage.verifyUserIsSendNotifications(NotificationsPage.java:33)
at com.obsqura.pages.NotificationsPage.verifyUserIsSendNotifications(NotificationsPage.java:33)
at com.obsqura.pages.NotificationsPage.verifyUserIsSendNotifications(NotificationsPage.java:33)
at com.obsqura.pages.NotificationsPage.verifyUserIsSendNotifications(NotificationsPage.java:33)
at com.obsqura.pages.NotificationsPage.verifyUserIsSendNotifications(NotificationsPage.java:33)
at com.obsqura.pages.NotificationsPage.verifyUserIsSendNotifications(NotificationsPage.java:33)
at com.obsqura.pages.NotificationsPage.verifyUserIsSendNotifications(NotificationsPage.java:33)
at com.obsqura.pages.NotificationsPage.verifyUserIsSendNotifications(NotificationsPage.java:33)
at com.obsqura.pages.NotificationsPage.verifyUserIsSendNotifications(NotificationsPage.java:33)
at com.obsqura.pages.NotificationsPage.verifyUserIsSendNotifications(NotificationsPage.java:33)
at com.obsqura.pages.NotificationsPage.verifyUserIsSendNotifications(NotificationsPage.java:33)
at com.obsqura.pages.NotificationsPage.verifyUserIsSendNotifications(NotificationsPage.java:33)
at com.obsqura.pages.NotificationsPage.verifyUserIsSendNotifications(NotificationsPage.java:33)
at com.obsqura.pages.NotificationsPage.verifyUserIsSendNotifications(NotificationsPage.java:33)
at com.obsqura.pages.NotificationsPage.verifyUserIsSendNotifications(NotificationsPage.java:33)
at com.obsqura.pages.NotificationsPage.verifyUserIsSendNotifications(NotificationsPage.java:33)
at com.obsqura.pages.NotificationsPage.verifyUserIsSendNotifications(NotificationsPage.java:33)
at com.obsqura.pages.NotificationsPage.verifyUserIsSendNotifications(NotificationsPage.java:33)
at com.obsqura.pages.NotificationsPage.verifyUserIsSendNotifications(NotificationsPage.java:33)
at com.obsqura.pages.NotificationsPage.verifyUserIsSendNotifications(NotificationsPage.java:33)
at com.obsqura.pages.NotificationsPage.verifyUserIsSendNotifications(NotificationsPage.java:33)
at com.obsqura.pages.NotificationsPage.verifyUserIsSendNotifications(NotificationsPage.java:33)
at com.obsqura.pages.NotificationsPage.verifyUserIsSendNotifications(NotificationsPage.java:33)
at com.obsqura.pages.NotificationsPage.verifyUserIsSendNotifications(NotificationsPage.java:33)
at com.obsqura.pages.NotificationsPage.verifyUserIsSendNotifications(NotificationsPage.java:33)
at com.obsqura.pages.NotificationsPage.verifyUserIsSendNotifications(NotificationsPage.java:33)
at com.obsqura.pages.NotificationsPage.verifyUserIsSendNotifications(NotificationsPage.java:33)
at com.obsqura.pages.NotificationsPage.verifyUserIsSendNotifications(NotificationsPage.java:33)
at com.obsqura.pages.NotificationsPage.verifyUserIsSendNotifications(NotificationsPage.java:33)
at com.obsqura.pages.NotificationsPage.verifyUserIsSendNotifications(NotificationsPage.java:33)
at com.obsqura.pages.NotificationsPage.verifyUserIsSendNotifications(NotificationsPage.java:33)
at com.obsqura.pages.NotificationsPage.verifyUserIsSendNotifications(NotificationsPage.java:33)
at com.obsqura.pages.NotificationsPage.verifyUserIsSendNotifications(NotificationsPage.java:33)
at com.obsqura.pages.NotificationsPage.verifyUserIsSendNotifications(NotificationsPage.java:33)
at com.obsqura.pages.NotificationsPage.verifyUserIsSendNotifications(NotificationsPage.java:33)
at com.obsqura.pages.NotificationsPage.verifyUserIsSendNotifications(NotificationsPage.java:33)
at com.obsqura.pages.NotificationsPage.verifyUserIsSendNotifications(NotificationsPage.java:33)
at com.obsqura.pages.NotificationsPage.verifyUserIsSendNotifications(NotificationsPage.java:33)
at com.obsqura.pages.NotificationsPage.verifyUserIsSendNotifications(NotificationsPage.java:33)
at com.obsqura.pages.NotificationsPage.verifyUserIsSendNotifications(NotificationsPage.java:33)
at com.obsqura.pages.NotificationsPage.verifyUserIsSendNotifications(NotificationsPage.java:33)
at com.obsqura.pages.NotificationsPage.verifyUserIsSendNotifications(NotificationsPage.java:33)
at com.obsqura.pages.NotificationsPage.verifyUserIsSendNotifications(NotificationsPage.java:33)
at com.obsqura.pages.NotificationsPage.verifyUserIsSendNotifications(NotificationsPage.java:33)
at com.obsqura.pages.NotificationsPage.verifyUserIsSendNotifications(NotificationsPage.java:33)
at com.obsqura.pages.NotificationsPage.verifyUserIsSendNotifications(NotificationsPage.java:33)
at com.obsqura.pages.NotificationsPage.verifyUserIsSendNotifications(NotificationsPage.java:33)
at com.obsqura.pages.NotificationsPage.verifyUserIsSendNotifications(NotificationsPage.java:33)
at com.obsqura.pages.NotificationsPage.verifyUserIsSendNotifications(NotificationsPage.java:33)
at com.obsqura.pages.NotificationsPage.verifyUserIsSendNotifications(NotificationsPage.java:33)
at com.obsqura.pages.NotificationsPage.verifyUserIsSendNotifications(NotificationsPage.java:33)
at com.obsqura.pages.NotificationsPage.verifyUserIsSendNotifications(NotificationsPage.java:33)
at com.obsqura.pages.NotificationsPage.verifyUserIsSendNotifications(NotificationsPage.java:33)
at com.obsqura.pages.NotificationsPage.verifyUserIsSendNotifications(NotificationsPage.java:33)
at com.obsqura.pages.NotificationsPage.verifyUserIsSendNotifications(NotificationsPage.java:33)
at com.obsqura.pages.NotificationsPage.verifyUserIsSendNotifications(NotificationsPage.java:33)
at com.obsqura.pages.NotificationsPage.verifyUserIsSendNotifications(NotificationsPage.java:33)
at com.obsqura.pages.NotificationsPage.verifyUserIsSendNotifications(NotificationsPage.java:33)
at com.obsqura.pages.NotificationsPage.verifyUserIsSendNotifications(NotificationsPage.java:33)
at com.obsqura.pages.NotificationsPage.verifyUserIsSendNotifications(NotificationsPage.java:33)
at com.obsqura.pages.NotificationsPage.verifyUserIsSendNotifications(NotificationsPage.java:33)
at com.obsqura.pages.NotificationsPage.verifyUserIsSendNotifications(NotificationsPage.java:33)
at com.obsqura.pages.NotificationsPage.verifyUserIsSendNotifications(NotificationsPage.java:33)
at com.obsqura.pages.NotificationsPage.verifyUserIsSendNotifications(NotificationsPage.java:33)
at com.obsqura.pages.NotificationsPage.verifyUserIsSendNotifications(NotificationsPage.java:33)
at com.obsqura.pages.NotificationsPage.verifyUserIsSendNotifications(NotificationsPage.java:33)
at com.obsqura.pages.NotificationsPage.verifyUserIsSendNotifications(NotificationsPage.java:33)
at com.obsqura.pages.NotificationsPage.verifyUserIsSendNotifications(NotificationsPage.java:33)
at com.obsqura.pages.NotificationsPage.verifyUserIsSendNotifications(NotificationsPage.java:33)
at com.obsqura.pages.NotificationsPage.verifyUserIsSendNotifications(NotificationsPage.java:33)
at com.obsqura.pages.NotificationsPage.verifyUserIsSendNotifications(NotificationsPage.java:33)
at com.obsqura.pages.NotificationsPage.verifyUserIsSendNotifications(NotificationsPage.java:33)
at com.obsqura.pages.NotificationsPage.verifyUserIsSendNotifications(NotificationsPage.java:33)
at com.obsqura.pages.NotificationsPage.verifyUserIsSendNotifications(NotificationsPage.java:33)
at com.obsqura.pages.NotificationsPage.verifyUserIsSendNotifications(NotificationsPage.java:33)
at com.obsqura.pages.NotificationsPage.verifyUserIsSendNotifications(NotificationsPage.java:33)
at com.obsqura.pages.NotificationsPage.verifyUserIsSendNotifications(NotificationsPage.java:33)
at com.obsqura.pages.NotificationsPage.verifyUserIsSendNotifications(NotificationsPage.java:33)
at com.obsqura.pages.NotificationsPage.verifyUserIsSendNotifications(NotificationsPage.java:33)
at com.obsqura.pages.NotificationsPage.verifyUserIsSendNotifications(NotificationsPage.java:33)
at com.obsqura.pages.NotificationsPage.verifyUserIsSendNotifications(NotificationsPage.java:33)
at com.obsqura.pages.NotificationsPage.verifyUserIsSendNotifications(NotificationsPage.java:33)
at com.obsqura.pages.NotificationsPage.verifyUserIsSendNotifications(NotificationsPage.java:33)
at com.obsqura.pages.NotificationsPage.verifyUserIsSendNotifications(NotificationsPage.java:33)
at com.obsqura.pages.NotificationsPage.verifyUserIsSendNotifications(NotificationsPage.java:33)
at com.obsqura.pages.NotificationsPage.verifyUserIsSendNotifications(NotificationsPage.java:33)
at com.obsqura.pages.NotificationsPage.verifyUserIsSendNotifications(NotificationsPage.java:33)
at com.obsqura.pages.NotificationsPage.verifyUserIsSendNotifications(NotificationsPage.java:33)
at com.obsqura.pages.NotificationsPage.verifyUserIsSendNotifications(NotificationsPage.java:33)
at com.obsqura.pages.NotificationsPage.verifyUserIsSendNotifications(NotificationsPage.java:33)
at com.obsqura.pages.NotificationsPage.verifyUserIsSendNotifications(NotificationsPage.java:33)
at com.obsqura.pages.NotificationsPage.verifyUserIsSendNotifications(NotificationsPage.java:33)
at com.obsqura.pages.NotificationsPage.verifyUserIsSendNotifications(NotificationsPage.java:33)
at com.obsqura.pages.NotificationsPage.verifyUserIsSendNotifications(NotificationsPage.java:33)
at com.obsqura.pages.NotificationsPage.verifyUserIsSendNotifications(NotificationsPage.java:33)
at com.obsqura.pages.NotificationsPage.verifyUserIsSendNotifications(NotificationsPage.java:33)
at com.obsqura.pages.NotificationsPage.verifyUserIsSendNotifications(NotificationsPage.java:33)
at com.obsqura.pages.NotificationsPage.verifyUserIsSendNotifications(NotificationsPage.java:33)
at com.obsqura.pages.NotificationsPage.verifyUserIsSendNotifications(NotificationsPage.java:33)
at com.obsqura.pages.NotificationsPage.verifyUserIsSendNotifications(NotificationsPage.java:33)
at com.obsqura.pages.NotificationsPage.verifyUserIsSendNotifications(NotificationsPage.java:33)
at com.obsqura.pages.NotificationsPage.verifyUserIsSendNotifications(NotificationsPage.java:33)
at com.obsqura.pages.NotificationsPage.verifyUserIsSendNotifications(NotificationsPage.java:33)
at com.obsqura.pages.NotificationsPage.verifyUserIsSendNotifications(NotificationsPage.java:33)
at com.obsqura.pages.NotificationsPage.verifyUserIsSendNotifications(NotificationsPage.java:33)
at com.obsqura.pages.NotificationsPage.verifyUserIsSendNotifications(NotificationsPage.java:33)
at com.obsqura.pages.NotificationsPage.verifyUserIsSendNotifications(NotificationsPage.java:33)
at com.obsqura.pages.NotificationsPage.verifyUserIsSendNotifications(NotificationsPage.java:33)
at com.obsqura.pages.NotificationsPage.verifyUserIsSendNotifications(NotificationsPage.java:33)
at com.obsqura.pages.NotificationsPage.verifyUserIsSendNotifications(NotificationsPage.java:33)
at com.obsqura.pages.NotificationsPage.verifyUserIsSendNotifications(NotificationsPage.java:33)
at com.obsqura.pages.NotificationsPage.verifyUserIsSendNotifications(NotificationsPage.java:33)
at com.obsqura.pages.NotificationsPage.verifyUserIsSendNotifications(NotificationsPage.java:33)
at com.obsqura.pages.NotificationsPage.verifyUserIsSendNotifications(NotificationsPage.java:33)
at com.obsqura.pages.NotificationsPage.verifyUserIsSendNotifications(NotificationsPage.java:33)
at com.obsqura.pages.NotificationsPage.verifyUserIsSendNotifications(NotificationsPage.java:33)
at com.obsqura.pages.NotificationsPage.verifyUserIsSendNotifications(NotificationsPage.java:33)
at com.obsqura.pages.NotificationsPage.verifyUserIsSendNotifications(NotificationsPage.java:33)
at com.obsqura.pages.NotificationsPage.verifyUserIsSendNotifications(NotificationsPage.java:33)
at com.obsqura.pages.NotificationsPage.verifyUserIsSendNotifications(NotificationsPage.java:33)
at com.obsqura.pages.NotificationsPage.verifyUserIsSendNotifications(NotificationsPage.java:33)
at com.obsqura.pages.NotificationsPage.verifyUserIsSendNotifications(NotificationsPage.java:33)
at com.obsqura.pages.NotificationsPage.verifyUserIsSendNotifications(NotificationsPage.java:33)
at com.obsqura.pages.NotificationsPage.verifyUserIsSendNotifications(NotificationsPage.java:33)
at com.obsqura.pages.NotificationsPage.verifyUserIsSendNotifications(NotificationsPage.java:33)
at com.obsqura.pages.NotificationsPage.verifyUserIsSendNotifications(NotificationsPage.java:33)
at com.obsqura.pages.NotificationsPage.verifyUserIsSendNotifications(NotificationsPage.java:33)
at com.obsqura.pages.NotificationsPage.verifyUserIsSendNotifications(NotificationsPage.java:33)
at com.obsqura.pages.NotificationsPage.verifyUserIsSendNotifications(NotificationsPage.java:33)
at com.obsqura.pages.NotificationsPage.verifyUserIsSendNotifications(NotificationsPage.java:33)
at com.obsqura.pages.NotificationsPage.verifyUserIsSendNotifications(NotificationsPage.java:33)
at com.obsqura.pages.NotificationsPage.verifyUserIsSendNotifications(NotificationsPage.java:33)
at com.obsqura.pages.NotificationsPage.verifyUserIsSendNotifications(NotificationsPage.java:33)
at com.obsqura.pages.NotificationsPage.verifyUserIsSendNotifications(NotificationsPage.java:33)
at com.obsqura.pages.NotificationsPage.verifyUserIsSendNotifications(NotificationsPage.java:33)
at com.obsqura.pages.NotificationsPage.verifyUserIsSendNotifications(NotificationsPage.java:33)
at com.obsqura.pages.NotificationsPage.verifyUserIsSendNotifications(NotificationsPage.java:33)
at com.obsqura.pages.NotificationsPage.verifyUserIsSendNotifications(NotificationsPage.java:33)
at com.obsqura.pages.NotificationsPage.verifyUserIsSendNotifications(NotificationsPage.java:33)
at com.obsqura.pages.NotificationsPage.verifyUserIsSendNotifications(NotificationsPage.java:33)
at com.obsqura.pages.NotificationsPage.verifyUserIsSendNotifications(NotificationsPage.java:33)
at com.obsqura.pages.NotificationsPage.verifyUserIsSendNotifications(NotificationsPage.java:33)
at com.obsqura.pages.NotificationsPage.verifyUserIsSendNotifications(NotificationsPage.java:33)
at com.obsqura.pages.NotificationsPage.verifyUserIsSendNotifications(NotificationsPage.java:33)
at com.obsqura.pages.NotificationsPage.verifyUserIsSendNotifications(NotificationsPage.java:33)
at com.obsqura.pages.NotificationsPage.verifyUserIsSendNotifications(NotificationsPage.java:33)
at com.obsqura.pages.NotificationsPage.verifyUserIsSendNotifications(NotificationsPage.java:33)
at com.obsqura.pages.NotificationsPage.verifyUserIsSendNotifications(NotificationsPage.java:33)
at com.obsqura.pages.NotificationsPage.verifyUserIsSendNotifications(NotificationsPage.java:33)
at com.obsqura.pages.NotificationsPage.verifyUserIsSendNotifications(NotificationsPage.java:33)
at com.obsqura.pages.NotificationsPage.verifyUserIsSendNotifications(NotificationsPage.java:33)
at com.obsqura.pages.NotificationsPage.verifyUserIsSendNotifications(NotificationsPage.java:33)
at com.obsqura.pages.NotificationsPage.verifyUserIsSendNotifications(NotificationsPage.java:33)
at com.obsqura.pages.NotificationsPage.verifyUserIsSendNotifications(NotificationsPage.java:33)
at com.obsqura.pages.NotificationsPage.verifyUserIsSendNotifications(NotificationsPage.java:33)
at com.obsqura.pages.NotificationsPage.verifyUserIsSendNotifications(NotificationsPage.java:33)
at com.obsqura.pages.NotificationsPage.verifyUserIsSendNotifications(NotificationsPage.java:33)
at com.obsqura.pages.NotificationsPage.verifyUserIsSendNotifications(NotificationsPage.java:33)
at com.obsqura.pages.NotificationsPage.verifyUserIsSendNotifications(NotificationsPage.java:33)
at com.obsqura.pages.NotificationsPage.verifyUserIsSendNotifications(NotificationsPage.java:33)
at com.obsqura.pages.NotificationsPage.verifyUserIsSendNotifications(NotificationsPage.java:33)
at com.obsqura.pages.NotificationsPage.verifyUserIsSendNotifications(NotificationsPage.java:33)
at com.obsqura.pages.NotificationsPage.verifyUserIsSendNotifications(NotificationsPage.java:33)
at com.obsqura.pages.NotificationsPage.verifyUserIsSendNotifications(NotificationsPage.java:33)
at com.obsqura.pages.NotificationsPage.verifyUserIsSendNotifications(NotificationsPage.java:33)
at com.obsqura.pages.NotificationsPage.verifyUserIsSendNotifications(NotificationsPage.java:33)
at com.obsqura.pages.NotificationsPage.verifyUserIsSendNotifications(NotificationsPage.java:33)
at com.obsqura.pages.NotificationsPage.verifyUserIsSendNotifications(NotificationsPage.java:33)
at com.obsqura.pages.NotificationsPage.verifyUserIsSendNotifications(NotificationsPage.java:33)
at com.obsqura.pages.NotificationsPage.verifyUserIsSendNotifications(NotificationsPage.java:33)
at com.obsqura.pages.NotificationsPage.verifyUserIsSendNotifications(NotificationsPage.java:33)
at com.obsqura.pages.NotificationsPage.verifyUserIsSendNotifications(NotificationsPage.java:33)
at com.obsqura.pages.NotificationsPage.verifyUserIsSendNotifications(NotificationsPage.java:33)
at com.obsqura.pages.NotificationsPage.verifyUserIsSendNotifications(NotificationsPage.java:33)
at com.obsqura.pages.NotificationsPage.verifyUserIsSendNotifications(NotificationsPage.java:33)
at com.obsqura.pages.NotificationsPage.verifyUserIsSendNotifications(NotificationsPage.java:33)
at com.obsqura.pages.NotificationsPage.verifyUserIsSendNotifications(NotificationsPage.java:33)
at com.obsqura.pages.NotificationsPage.verifyUserIsSendNotifications(NotificationsPage.java:33)
at com.obsqura.pages.NotificationsPage.verifyUserIsSendNotifications(NotificationsPage.java:33)
at com.obsqura.pages.NotificationsPage.verifyUserIsSendNotifications(NotificationsPage.java:33)
at com.obsqura.pages.NotificationsPage.verifyUserIsSendNotifications(NotificationsPage.java:33)
at com.obsqura.pages.NotificationsPage.verifyUserIsSendNotifications(NotificationsPage.java:33)
at com.obsqura.pages.NotificationsPage.verifyUserIsSendNotifications(NotificationsPage.java:33)
at com.obsqura.pages.NotificationsPage.verifyUserIsSendNotifications(NotificationsPage.java:33)
at com.obsqura.pages.NotificationsPage.verifyUserIsSendNotifications(NotificationsPage.java:33)
at com.obsqura.pages.NotificationsPage.verifyUserIsSendNotifications(NotificationsPage.java:33)
at com.obsqura.pages.NotificationsPage.verifyUserIsSendNotifications(NotificationsPage.java:33)
at com.obsqura.pages.NotificationsPage.verifyUserIsSendNotifications(NotificationsPage.java:33)
at com.obsqura.pages.NotificationsPage.verifyUserIsSendNotifications(NotificationsPage.java:33)
at com.obsqura.pages.NotificationsPage.verifyUserIsSendNotifications(NotificationsPage.java:33)
at com.obsqura.pages.NotificationsPage.verifyUserIsSendNotifications(NotificationsPage.java:33)
at com.obsqura.pages.NotificationsPage.verifyUserIsSendNotifications(NotificationsPage.java:33)
at com.obsqura.pages.NotificationsPage.verifyUserIsSendNotifications(NotificationsPage.java:33)
at com.obsqura.pages.NotificationsPage.verifyUserIsSendNotifications(NotificationsPage.java:33)
at com.obsqura.pages.NotificationsPage.verifyUserIsSendNotifications(NotificationsPage.java:33)
at com.obsqura.pages.NotificationsPage.verifyUserIsSendNotifications(NotificationsPage.java:33)
at com.obsqura.pages.NotificationsPage.verifyUserIsSendNotifications(NotificationsPage.java:33)
at com.obsqura.pages.NotificationsPage.verifyUserIsSendNotifications(NotificationsPage.java:33)
at com.obsqura.pages.NotificationsPage.verifyUserIsSendNotifications(NotificationsPage.java:33)
at com.obsqura.pages.NotificationsPage.verifyUserIsSendNotifications(NotificationsPage.java:33)
at com.obsqura.pages.NotificationsPage.verifyUserIsSendNotifications(NotificationsPage.java:33)
at com.obsqura.pages.NotificationsPage.verifyUserIsSendNotifications(NotificationsPage.java:33)
at com.obsqura.pages.NotificationsPage.verifyUserIsSendNotifications(NotificationsPage.java:33)
at com.obsqura.pages.NotificationsPage.verifyUserIsSendNotifications(NotificationsPage.java:33)
at com.obsqura.pages.NotificationsPage.verifyUserIsSendNotifications(NotificationsPage.java:33)
at com.obsqura.pages.NotificationsPage.verifyUserIsSendNotifications(NotificationsPage.java:33)
at com.obsqura.pages.NotificationsPage.verifyUserIsSendNotifications(NotificationsPage.java:33)
at com.obsqura.pages.NotificationsPage.verifyUserIsSendNotifications(NotificationsPage.java:33)
at com.obsqura.pages.NotificationsPage.verifyUserIsSendNotifications(NotificationsPage.java:33)
at com.obsqura.pages.NotificationsPage.verifyUserIsSendNotifications(NotificationsPage.java:33)
at com.obsqura.pages.NotificationsPage.verifyUserIsSendNotifications(NotificationsPage.java:33)
at com.obsqura.pages.NotificationsPage.verifyUserIsSendNotifications(NotificationsPage.java:33)
at com.obsqura.pages.NotificationsPage.verifyUserIsSendNotifications(NotificationsPage.java:33)
at com.obsqura.pages.NotificationsPage.verifyUserIsSendNotifications(NotificationsPage.java:33)
at com.obsqura.pages.NotificationsPage.verifyUserIsSendNotifications(NotificationsPage.java:33)
at com.obsqura.pages.NotificationsPage.verifyUserIsSendNotifications(NotificationsPage.java:33)
at com.obsqura.pages.NotificationsPage.verifyUserIsSendNotifications(NotificationsPage.java:33)
at com.obsqura.pages.NotificationsPage.verifyUserIsSendNotifications(NotificationsPage.java:33)
at com.obsqura.pages.NotificationsPage.verifyUserIsSendNotifications(NotificationsPage.java:33)
at com.obsqura.pages.NotificationsPage.verifyUserIsSendNotifications(NotificationsPage.java:33)
at com.obsqura.pages.NotificationsPage.verifyUserIsSendNotifications(NotificationsPage.java:33)
at com.obsqura.pages.NotificationsPage.verifyUserIsSendNotifications(NotificationsPage.java:33)
at com.obsqura.pages.NotificationsPage.verifyUserIsSendNotifications(NotificationsPage.java:33)
at com.obsqura.pages.NotificationsPage.verifyUserIsSendNotifications(NotificationsPage.java:33)
at com.obsqura.pages.NotificationsPage.verifyUserIsSendNotifications(NotificationsPage.java:33)
at com.obsqura.pages.NotificationsPage.verifyUserIsSendNotifications(NotificationsPage.java:33)
at com.obsqura.pages.NotificationsPage.verifyUserIsSendNotifications(NotificationsPage.java:33)
at com.obsqura.pages.NotificationsPage.verifyUserIsSendNotifications(NotificationsPage.java:33)
at com.obsqura.pages.NotificationsPage.verifyUserIsSendNotifications(NotificationsPage.java:33)
at com.obsqura.pages.NotificationsPage.verifyUserIsSendNotifications(NotificationsPage.java:33)
at com.obsqura.pages.NotificationsPage.verifyUserIsSendNotifications(NotificationsPage.java:33)
at com.obsqura.pages.NotificationsPage.verifyUserIsSendNotifications(NotificationsPage.java:33)
at com.obsqura.pages.NotificationsPage.verifyUserIsSendNotifications(NotificationsPage.java:33)
at com.obsqura.pages.NotificationsPage.verifyUserIsSendNotifications(NotificationsPage.java:33)
at com.obsqura.pages.NotificationsPage.verifyUserIsSendNotifications(NotificationsPage.java:33)
at com.obsqura.pages.NotificationsPage.verifyUserIsSendNotifications(NotificationsPage.java:33)
at com.obsqura.pages.NotificationsPage.verifyUserIsSendNotifications(NotificationsPage.java:33)
at com.obsqura.pages.NotificationsPage.verifyUserIsSendNotifications(NotificationsPage.java:33)
at com.obsqura.pages.NotificationsPage.verifyUserIsSendNotifications(NotificationsPage.java:33)
at com.obsqura.pages.NotificationsPage.verifyUserIsSendNotifications(NotificationsPage.java:33)
at com.obsqura.pages.NotificationsPage.verifyUserIsSendNotifications(NotificationsPage.java:33)
at com.obsqura.pages.NotificationsPage.verifyUserIsSendNotifications(NotificationsPage.java:33)
at com.obsqura.pages.NotificationsPage.verifyUserIsSendNotifications(NotificationsPage.java:33)
at com.obsqura.pages.NotificationsPage.verifyUserIsSendNotifications(NotificationsPage.java:33)
at com.obsqura.pages.NotificationsPage.verifyUserIsSendNotifications(NotificationsPage.java:33)
at com.obsqura.pages.NotificationsPage.verifyUserIsSendNotifications(NotificationsPage.java:33)
at com.obsqura.pages.NotificationsPage.verifyUserIsSendNotifications(NotificationsPage.java:33)
at com.obsqura.pages.NotificationsPage.verifyUserIsSendNotifications(NotificationsPage.java:33)
at com.obsqura.pages.NotificationsPage.verifyUserIsSendNotifications(NotificationsPage.java:33)
at com.obsqura.pages.NotificationsPage.verifyUserIsSendNotifications(NotificationsPage.java:33)
at com.obsqura.pages.NotificationsPage.verifyUserIsSendNotifications(NotificationsPage.java:33)
at com.obsqura.pages.NotificationsPage.verifyUserIsSendNotifications(NotificationsPage.java:33)
at com.obsqura.pages.NotificationsPage.verifyUserIsSendNotifications(NotificationsPage.java:33)
at com.obsqura.pages.NotificationsPage.verifyUserIsSendNotifications(NotificationsPage.java:33)
at com.obsqura.pages.NotificationsPage.verifyUserIsSendNotifications(NotificationsPage.java:33)
at com.obsqura.pages.NotificationsPage.verifyUserIsSendNotifications(NotificationsPage.java:33)
at com.obsqura.pages.NotificationsPage.verifyUserIsSendNotifications(NotificationsPage.java:33)
at com.obsqura.pages.NotificationsPage.verifyUserIsSendNotifications(NotificationsPage.java:33)
at com.obsqura.pages.NotificationsPage.verifyUserIsSendNotifications(NotificationsPage.java:33)
at com.obsqura.pages.NotificationsPage.verifyUserIsSendNotifications(NotificationsPage.java:33)
at com.obsqura.pages.NotificationsPage.verifyUserIsSendNotifications(NotificationsPage.java:33)
at com.obsqura.pages.NotificationsPage.verifyUserIsSendNotifications(NotificationsPage.java:33)
at com.obsqura.pages.NotificationsPage.verifyUserIsSendNotifications(NotificationsPage.java:33)
at com.obsqura.pages.NotificationsPage.verifyUserIsSendNotifications(NotificationsPage.java:33)
at com.obsqura.pages.NotificationsPage.verifyUserIsSendNotifications(NotificationsPage.java:33)
at com.obsqura.pages.NotificationsPage.verifyUserIsSendNotifications(NotificationsPage.java:33)
at com.obsqura.pages.NotificationsPage.verifyUserIsSendNotifications(NotificationsPage.java:33)
at com.obsqura.pages.NotificationsPage.verifyUserIsSendNotifications(NotificationsPage.java:33)
at com.obsqura.pages.NotificationsPage.verifyUserIsSendNotifications(NotificationsPage.java:33)
at com.obsqura.pages.NotificationsPage.verifyUserIsSendNotifications(NotificationsPage.java:33)
at com.obsqura.pages.NotificationsPage.verifyUserIsSendNotifications(NotificationsPage.java:33)
at com.obsqura.pages.NotificationsPage.verifyUserIsSendNotifications(NotificationsPage.java:33)
at com.obsqura.pages.NotificationsPage.verifyUserIsSendNotifications(NotificationsPage.java:33)
at com.obsqura.pages.NotificationsPage.verifyUserIsSendNotifications(NotificationsPage.java:33)
at com.obsqura.pages.NotificationsPage.verifyUserIsSendNotifications(NotificationsPage.java:33)
at com.obsqura.pages.NotificationsPage.verifyUserIsSendNotifications(NotificationsPage.java:33)
at com.obsqura.pages.NotificationsPage.verifyUserIsSendNotifications(NotificationsPage.java:33)
at com.obsqura.pages.NotificationsPage.verifyUserIsSendNotifications(NotificationsPage.java:33)
at com.obsqura.pages.NotificationsPage.verifyUserIsSendNotifications(NotificationsPage.java:33)
at com.obsqura.pages.NotificationsPage.verifyUserIsSendNotifications(NotificationsPage.java:33)
at com.obsqura.pages.NotificationsPage.verifyUserIsSendNotifications(NotificationsPage.java:33)
at com.obsqura.pages.NotificationsPage.verifyUserIsSendNotifications(NotificationsPage.java:33)
at com.obsqura.pages.NotificationsPage.verifyUserIsSendNotifications(NotificationsPage.java:33)
at com.obsqura.pages.NotificationsPage.verifyUserIsSendNotifications(NotificationsPage.java:33)
at com.obsqura.pages.NotificationsPage.verifyUserIsSendNotifications(NotificationsPage.java:33)
at com.obsqura.pages.NotificationsPage.verifyUserIsSendNotifications(NotificationsPage.java:33)
at com.obsqura.pages.NotificationsPage.verifyUserIsSendNotifications(NotificationsPage.java:33)
at com.obsqura.pages.NotificationsPage.verifyUserIsSendNotifications(NotificationsPage.java:33)
at com.obsqura.pages.NotificationsPage.verifyUserIsSendNotifications(NotificationsPage.java:33)
at com.obsqura.pages.NotificationsPage.verifyUserIsSendNotifications(NotificationsPage.java:33)
at com.obsqura.pages.NotificationsPage.verifyUserIsSendNotifications(NotificationsPage.java:33)
at com.obsqura.pages.NotificationsPage.verifyUserIsSendNotifications(NotificationsPage.java:33)
at com.obsqura.pages.NotificationsPage.verifyUserIsSendNotifications(NotificationsPage.java:33)
at com.obsqura.pages.NotificationsPage.verifyUserIsSendNotifications(NotificationsPage.java:33)
at com.obsqura.pages.NotificationsPage.verifyUserIsSendNotifications(NotificationsPage.java:33)
at com.obsqura.pages.NotificationsPage.verifyUserIsSendNotifications(NotificationsPage.java:33)
at com.obsqura.pages.NotificationsPage.verifyUserIsSendNotifications(NotificationsPage.java:33)
at com.obsqura.pages.NotificationsPage.verifyUserIsSendNotifications(NotificationsPage.java:33)
at com.obsqura.pages.NotificationsPage.verifyUserIsSendNotifications(NotificationsPage.java:33)
at com.obsqura.pages.NotificationsPage.verifyUserIsSendNotifications(NotificationsPage.java:33)
at com.obsqura.pages.NotificationsPage.verifyUserIsSendNotifications(NotificationsPage.java:33)
at com.obsqura.pages.NotificationsPage.verifyUserIsSendNotifications(NotificationsPage.java:33)
at com.obsqura.pages.NotificationsPage.verifyUserIsSendNotifications(NotificationsPage.java:33)
at com.obsqura.pages.NotificationsPage.verifyUserIsSendNotifications(NotificationsPage.java:33)
at com.obsqura.pages.NotificationsPage.verifyUserIsSendNotifications(NotificationsPage.java:33)
at com.obsqura.pages.NotificationsPage.verifyUserIsSendNotifications(NotificationsPage.java:33)
at com.obsqura.pages.NotificationsPage.verifyUserIsSendNotifications(NotificationsPage.java:33)
at com.obsqura.pages.NotificationsPage.verifyUserIsSendNotifications(NotificationsPage.java:33)
at com.obsqura.pages.NotificationsPage.verifyUserIsSendNotifications(NotificationsPage.java:33)
at com.obsqura.pages.NotificationsPage.verifyUserIsSendNotifications(NotificationsPage.java:33)
at com.obsqura.pages.NotificationsPage.verifyUserIsSendNotifications(NotificationsPage.java:33)
at com.obsqura.pages.NotificationsPage.verifyUserIsSendNotifications(NotificationsPage.java:33)
at com.obsqura.pages.NotificationsPage.verifyUserIsSendNotifications(NotificationsPage.java:33)
at com.obsqura.pages.NotificationsPage.verifyUserIsSendNotifications(NotificationsPage.java:33)
at com.obsqura.pages.NotificationsPage.verifyUserIsSendNotifications(NotificationsPage.java:33)
at com.obsqura.pages.NotificationsPage.verifyUserIsSendNotifications(NotificationsPage.java:33)
at com.obsqura.pages.NotificationsPage.verifyUserIsSendNotifications(NotificationsPage.java:33)
at com.obsqura.pages.NotificationsPage.verifyUserIsSendNotifications(NotificationsPage.java:33)
at com.obsqura.pages.NotificationsPage.verifyUserIsSendNotifications(NotificationsPage.java:33)
at com.obsqura.pages.NotificationsPage.verifyUserIsSendNotifications(NotificationsPage.java:33)
at com.obsqura.pages.NotificationsPage.verifyUserIsSendNotifications(NotificationsPage.java:33)
at com.obsqura.pages.NotificationsPage.verifyUserIsSendNotifications(NotificationsPage.java:33)
at com.obsqura.pages.NotificationsPage.verifyUserIsSendNotifications(NotificationsPage.java:33)
at com.obsqura.pages.NotificationsPage.verifyUserIsSendNotifications(NotificationsPage.java:33)
at com.obsqura.pages.NotificationsPage.verifyUserIsSendNotifications(NotificationsPage.java:33)
at com.obsqura.pages.NotificationsPage.verifyUserIsSendNotifications(NotificationsPage.java:33)
at com.obsqura.pages.NotificationsPage.verifyUserIsSendNotifications(NotificationsPage.java:33)
at com.obsqura.pages.NotificationsPage.verifyUserIsSendNotifications(NotificationsPage.java:33)
at com.obsqura.pages.NotificationsPage.verifyUserIsSendNotifications(NotificationsPage.java:33)
at com.obsqura.pages.NotificationsPage.verifyUserIsSendNotifications(NotificationsPage.java:33)
at com.obsqura.pages.NotificationsPage.verifyUserIsSendNotifications(NotificationsPage.java:33)
at com.obsqura.pages.NotificationsPage.verifyUserIsSendNotifications(NotificationsPage.java:33)
at com.obsqura.pages.NotificationsPage.verifyUserIsSendNotifications(NotificationsPage.java:33)
at com.obsqura.pages.NotificationsPage.verifyUserIsSendNotifications(NotificationsPage.java:33)
at com.obsqura.pages.NotificationsPage.verifyUserIsSendNotifications(NotificationsPage.java:33)
at com.obsqura.pages.NotificationsPage.verifyUserIsSendNotifications(NotificationsPage.java:33)
at com.obsqura.pages.NotificationsPage.verifyUserIsSendNotifications(NotificationsPage.java:33)
at com.obsqura.pages.NotificationsPage.verifyUserIsSendNotifications(NotificationsPage.java:33)
at com.obsqura.pages.NotificationsPage.verifyUserIsSendNotifications(NotificationsPage.java:33)
at com.obsqura.pages.NotificationsPage.verifyUserIsSendNotifications(NotificationsPage.java:33)
at com.obsqura.pages.NotificationsPage.verifyUserIsSendNotifications(NotificationsPage.java:33)
at com.obsqura.pages.NotificationsPage.verifyUserIsSendNotifications(NotificationsPage.java:33)
at com.obsqura.pages.NotificationsPage.verifyUserIsSendNotifications(NotificationsPage.java:33)
at com.obsqura.pages.NotificationsPage.verifyUserIsSendNotifications(NotificationsPage.java:33)
at com.obsqura.pages.NotificationsPage.verifyUserIsSendNotifications(NotificationsPage.java:33)
at com.obsqura.pages.NotificationsPage.verifyUserIsSendNotifications(NotificationsPage.java:33)
at com.obsqura.pages.NotificationsPage.verifyUserIsSendNotifications(NotificationsPage.java:33)
at com.obsqura.pages.NotificationsPage.verifyUserIsSendNotifications(NotificationsPage.java:33)
at com.obsqura.pages.NotificationsPage.verifyUserIsSendNotifications(NotificationsPage.java:33)
at com.obsqura.pages.NotificationsPage.verifyUserIsSendNotifications(NotificationsPage.java:33)
at com.obsqura.pages.NotificationsPage.verifyUserIsSendNotifications(NotificationsPage.java:33)
at com.obsqura.pages.NotificationsPage.verifyUserIsSendNotifications(NotificationsPage.java:33)
at com.obsqura.pages.NotificationsPage.verifyUserIsSendNotifications(NotificationsPage.java:33)
at com.obsqura.pages.NotificationsPage.verifyUserIsSendNotifications(NotificationsPage.java:33)
at com.obsqura.pages.NotificationsPage.verifyUserIsSendNotifications(NotificationsPage.java:33)
at com.obsqura.pages.NotificationsPage.verifyUserIsSendNotifications(NotificationsPage.java:33)
at com.obsqura.pages.NotificationsPage.verifyUserIsSendNotifications(NotificationsPage.java:33)
at com.obsqura.pages.NotificationsPage.verifyUserIsSendNotifications(NotificationsPage.java:33)
at com.obsqura.pages.NotificationsPage.verifyUserIsSendNotifications(NotificationsPage.java:33)
at com.obsqura.pages.NotificationsPage.verifyUserIsSendNotifications(NotificationsPage.java:33)
at com.obsqura.pages.NotificationsPage.verifyUserIsSendNotifications(NotificationsPage.java:33)
at com.obsqura.pages.NotificationsPage.verifyUserIsSendNotifications(NotificationsPage.java:33)
at com.obsqura.pages.NotificationsPage.verifyUserIsSendNotifications(NotificationsPage.java:33)
at com.obsqura.pages.NotificationsPage.verifyUserIsSendNotifications(NotificationsPage.java:33)
at com.obsqura.pages.NotificationsPage.verifyUserIsSendNotifications(NotificationsPage.java:33)
at com.obsqura.pages.NotificationsPage.verifyUserIsSendNotifications(NotificationsPage.java:33)
at com.obsqura.pages.NotificationsPage.verifyUserIsSendNotifications(NotificationsPage.java:33)
at com.obsqura.pages.NotificationsPage.verifyUserIsSendNotifications(NotificationsPage.java:33)
at com.obsqura.pages.NotificationsPage.verifyUserIsSendNotifications(NotificationsPage.java:33)
at com.obsqura.pages.NotificationsPage.verifyUserIsSendNotifications(NotificationsPage.java:33)
at com.obsqura.pages.NotificationsPage.verifyUserIsSendNotifications(NotificationsPage.java:33)
at com.obsqura.pages.NotificationsPage.verifyUserIsSendNotifications(NotificationsPage.java:33)
at com.obsqura.pages.NotificationsPage.verifyUserIsSendNotifications(NotificationsPage.java:33)
at com.obsqura.pages.NotificationsPage.verifyUserIsSendNotifications(NotificationsPage.java:33)
at com.obsqura.pages.NotificationsPage.verifyUserIsSendNotifications(NotificationsPage.java:33)
at com.obsqura.pages.NotificationsPage.verifyUserIsSendNotifications(NotificationsPage.java:33)
at com.obsqura.pages.NotificationsPage.verifyUserIsSendNotifications(NotificationsPage.java:33)
at com.obsqura.pages.NotificationsPage.verifyUserIsSendNotifications(NotificationsPage.java:33)
at com.obsqura.pages.NotificationsPage.verifyUserIsSendNotifications(NotificationsPage.java:33)
at com.obsqura.pages.NotificationsPage.verifyUserIsSendNotifications(NotificationsPage.java:33)
at com.obsqura.pages.NotificationsPage.verifyUserIsSendNotifications(NotificationsPage.java:33)
at com.obsqura.pages.NotificationsPage.verifyUserIsSendNotifications(NotificationsPage.java:33)
at com.obsqura.pages.NotificationsPage.verifyUserIsSendNotifications(NotificationsPage.java:33)
at com.obsqura.pages.NotificationsPage.verifyUserIsSendNotifications(NotificationsPage.java:33)
at com.obsqura.pages.NotificationsPage.verifyUserIsSendNotifications(NotificationsPage.java:33)
at com.obsqura.pages.NotificationsPage.verifyUserIsSendNotifications(NotificationsPage.java:33)
at com.obsqura.pages.NotificationsPage.verifyUserIsSendNotifications(NotificationsPage.java:33)
at com.obsqura.pages.NotificationsPage.verifyUserIsSendNotifications(NotificationsPage.java:33)
at com.obsqura.pages.NotificationsPage.verifyUserIsSendNotifications(NotificationsPage.java:33)
at com.obsqura.pages.NotificationsPage.verifyUserIsSendNotifications(NotificationsPage.java:33)
at com.obsqura.pages.NotificationsPage.verifyUserIsSendNotifications(NotificationsPage.java:33)
at com.obsqura.pages.NotificationsPage.verifyUserIsSendNotifications(NotificationsPage.java:33)
at com.obsqura.pages.NotificationsPage.verifyUserIsSendNotifications(NotificationsPage.java:33)
at com.obsqura.pages.NotificationsPage.verifyUserIsSendNotifications(NotificationsPage.java:33)
at com.obsqura.pages.NotificationsPage.verifyUserIsSendNotifications(NotificationsPage.java:33)
at com.obsqura.pages.NotificationsPage.verifyUserIsSendNotifications(NotificationsPage.java:33)
at com.obsqura.pages.NotificationsPage.verifyUserIsSendNotifications(NotificationsPage.java:33)
at com.obsqura.pages.NotificationsPage.verifyUserIsSendNotifications(NotificationsPage.java:33)
at com.obsqura.pages.NotificationsPage.verifyUserIsSendNotifications(NotificationsPage.java:33)
at com.obsqura.pages.NotificationsPage.verifyUserIsSendNotifications(NotificationsPage.java:33)
at com.obsqura.pages.NotificationsPage.verifyUserIsSendNotifications(NotificationsPage.java:33)
at com.obsqura.pages.NotificationsPage.verifyUserIsSendNotifications(NotificationsPage.java:33)
at com.obsqura.pages.NotificationsPage.verifyUserIsSendNotifications(NotificationsPage.java:33)
at com.obsqura.pages.NotificationsPage.verifyUserIsSendNotifications(NotificationsPage.java:33)
at com.obsqura.pages.NotificationsPage.verifyUserIsSendNotifications(NotificationsPage.java:33)
at com.obsqura.pages.NotificationsPage.verifyUserIsSendNotifications(NotificationsPage.java:33)
at com.obsqura.pages.NotificationsPage.verifyUserIsSendNotifications(NotificationsPage.java:33)
at com.obsqura.pages.NotificationsPage.verifyUserIsSendNotifications(NotificationsPage.java:33)
at com.obsqura.pages.NotificationsPage.verifyUserIsSendNotifications(NotificationsPage.java:33)
at com.obsqura.pages.NotificationsPage.verifyUserIsSendNotifications(NotificationsPage.java:33)
at com.obsqura.pages.NotificationsPage.verifyUserIsSendNotifications(NotificationsPage.java:33)
at com.obsqura.pages.NotificationsPage.verifyUserIsSendNotifications(NotificationsPage.java:33)
at com.obsqura.pages.NotificationsPage.verifyUserIsSendNotifications(NotificationsPage.java:33)
at com.obsqura.pages.NotificationsPage.verifyUserIsSendNotifications(NotificationsPage.java:33)
at com.obsqura.pages.NotificationsPage.verifyUserIsSendNotifications(NotificationsPage.java:33)
at com.obsqura.pages.NotificationsPage.verifyUserIsSendNotifications(NotificationsPage.java:33)
at com.obsqura.pages.NotificationsPage.verifyUserIsSendNotifications(NotificationsPage.java:33)
at com.obsqura.pages.NotificationsPage.verifyUserIsSendNotifications(NotificationsPage.java:33)
at com.obsqura.pages.NotificationsPage.verifyUserIsSendNotifications(NotificationsPage.java:33)
at com.obsqura.pages.NotificationsPage.verifyUserIsSendNotifications(NotificationsPage.java:33)
at com.obsqura.pages.NotificationsPage.verifyUserIsSendNotifications(NotificationsPage.java:33)
at com.obsqura.pages.NotificationsPage.verifyUserIsSendNotifications(NotificationsPage.java:33)
at com.obsqura.pages.NotificationsPage.verifyUserIsSendNotifications(NotificationsPage.java:33)
at com.obsqura.pages.NotificationsPage.verifyUserIsSendNotifications(NotificationsPage.java:33)
at com.obsqura.pages.NotificationsPage.verifyUserIsSendNotifications(NotificationsPage.java:33)
at com.obsqura.pages.NotificationsPage.verifyUserIsSendNotifications(NotificationsPage.java:33)
at com.obsqura.pages.NotificationsPage.verifyUserIsSendNotifications(NotificationsPage.java:33)
at com.obsqura.pages.NotificationsPage.verifyUserIsSendNotifications(NotificationsPage.java:33)
at com.obsqura.pages.NotificationsPage.verifyUserIsSendNotifications(NotificationsPage.java:33)
at com.obsqura.pages.NotificationsPage.verifyUserIsSendNotifications(NotificationsPage.java:33)
at com.obsqura.pages.NotificationsPage.verifyUserIsSendNotifications(NotificationsPage.java:33)
at com.obsqura.pages.NotificationsPage.verifyUserIsSendNotifications(NotificationsPage.java:33)
at com.obsqura.pages.NotificationsPage.verifyUserIsSendNotifications(NotificationsPage.java:33)
at com.obsqura.pages.NotificationsPage.verifyUserIsSendNotifications(NotificationsPage.java:33)
at com.obsqura.pages.NotificationsPage.verifyUserIsSendNotifications(NotificationsPage.java:33)
at com.obsqura.pages.NotificationsPage.verifyUserIsSendNotifications(NotificationsPage.java:33)
at com.obsqura.pages.NotificationsPage.verifyUserIsSendNotifications(NotificationsPage.java:33)
at com.obsqura.pages.NotificationsPage.verifyUserIsSendNotifications(NotificationsPage.java:33)
at com.obsqura.pages.NotificationsPage.verifyUserIsSendNotifications(NotificationsPage.java:33)
at com.obsqura.pages.NotificationsPage.verifyUserIsSendNotifications(NotificationsPage.java:33)
at com.obsqura.pages.NotificationsPage.verifyUserIsSendNotifications(NotificationsPage.java:33)
at com.obsqura.pages.NotificationsPage.verifyUserIsSendNotifications(NotificationsPage.java:33)
at com.obsqura.pages.NotificationsPage.verifyUserIsSendNotifications(NotificationsPage.java:33)
at com.obsqura.pages.NotificationsPage.verifyUserIsSendNotifications(NotificationsPage.java:33)
at com.obsqura.pages.NotificationsPage.verifyUserIsSendNotifications(NotificationsPage.java:33)
at com.obsqura.pages.NotificationsPage.verifyUserIsSendNotifications(NotificationsPage.java:33)
at com.obsqura.pages.NotificationsPage.verifyUserIsSendNotifications(NotificationsPage.java:33)
at com.obsqura.pages.NotificationsPage.verifyUserIsSendNotifications(NotificationsPage.java:33)
at com.obsqura.pages.NotificationsPage.verifyUserIsSendNotifications(NotificationsPage.java:33)
[...]
at com.obsqura.pages.NotificationsPage.verifyUserIsSendNotifications(NotificationsPage.java:33)
at com.obsqura.pages.NotificationsPage.verifyUserIsSendNotifications(NotificationsPage.java:33)
at com.obsqura.pages.NotificationsPage.verifyUserIsSendNotifications(NotificationsPage.java:33)
at com.obsqura.pages.NotificationsPage.verifyUserIsSendNotifications(NotificationsPage.java:33)
at com.obsqura.pages.NotificationsPage.verifyUserIsSendNotifications(NotificationsPage.java:33)
at com.obsqura.pages.NotificationsPage.verifyUserIsSendNotifications(NotificationsPage.java:33)
at com.obsqura.pages.NotificationsPage.verifyUserIsSendNotifications(NotificationsPage.java:33)
at com.obsqura.pages.NotificationsPage.verifyUserIsSendNotifications(NotificationsPage.java:33)
at com.obsqura.pages.NotificationsPage.verifyUserIsSendNotifications(NotificationsPage.java:33)
at com.obsqura.pages.NotificationsPage.verifyUserIsSendNotifications(NotificationsPage.java:33)
at com.obsqura.pages.NotificationsPage.verifyUserIsSendNotifications(NotificationsPage.java:33)
at com.obsqura.pages.NotificationsPage.verifyUserIsSendNotifications(NotificationsPage.java:33)
at com.obsqura.pages.NotificationsPage.verifyUserIsSendNotifications(NotificationsPage.java:33)
at com.obsqura.pages.NotificationsPage.verifyUserIsSendNotifications(NotificationsPage.java:33)
at com.obsqura.pages.NotificationsPage.verifyUserIsSendNotifications(NotificationsPage.java:33)
at com.obsqura.pages.NotificationsPage.verifyUserIsSendNotifications(NotificationsPage.java:33)
at com.obsqura.pages.NotificationsPage.verifyUserIsSendNotifications(NotificationsPage.java:33)
at com.obsqura.pages.NotificationsPage.verifyUserIsSendNotifications(NotificationsPage.java:33)
at com.obsqura.pages.NotificationsPage.verifyUserIsSendNotifications(NotificationsPage.java:33)
at com.obsqura.pages.NotificationsPage.verifyUserIsSendNotifications(NotificationsPage.java:33)
at com.obsqura.pages.NotificationsPage.verifyUserIsSendNotifications(NotificationsPage.java:33)
at com.obsqura.pages.NotificationsPage.verifyUserIsSendNotifications(NotificationsPage.java:33)
at com.obsqura.pages.NotificationsPage.verifyUserIsSendNotifications(NotificationsPage.java:33)
at com.obsqura.pages.NotificationsPage.verifyUserIsSendNotifications(NotificationsPage.java:33)
at com.obsqura.pages.NotificationsPage.verifyUserIsSendNotifications(NotificationsPage.java:33)
at com.obsqura.pages.NotificationsPage.verifyUserIsSendNotifications(NotificationsPage.java:33)
at com.obsqura.pages.NotificationsPage.verifyUserIsSendNotifications(NotificationsPage.java:33)
at com.obsqura.pages.NotificationsPage.verifyUserIsSendNotifications(NotificationsPage.java:33)
at com.obsqura.pages.NotificationsPage.verifyUserIsSendNotifications(NotificationsPage.java:33)
at com.obsqura.pages.NotificationsPage.verifyUserIsSendNotifications(NotificationsPage.java:33)
at com.obsqura.pages.NotificationsPage.verifyUserIsSendNotifications(NotificationsPage.java:33)
at com.obsqura.pages.NotificationsPage.verifyUserIsSendNotifications(NotificationsPage.java:33)
at com.obsqura.pages.NotificationsPage.verifyUserIsSendNotifications(NotificationsPage.java:33)
at com.obsqura.pages.NotificationsPage.verifyUserIsSendNotifications(NotificationsPage.java:33)
at com.obsqura.pages.NotificationsPage.verifyUserIsSendNotifications(NotificationsPage.java:33)
at com.obsqura.pages.NotificationsPage.verifyUserIsSendNotifications(NotificationsPage.java:33)
at com.obsqura.pages.NotificationsPage.verifyUserIsSendNotifications(NotificationsPage.java:33)
at com.obsqura.pages.NotificationsPage.verifyUserIsSendNotifications(NotificationsPage.java:33)
at com.obsqura.pages.NotificationsPage.verifyUserIsSendNotifications(NotificationsPage.java:33)
at com.obsqura.pages.NotificationsPage.verifyUserIsSendNotifications(NotificationsPage.java:33)
at com.obsqura.pages.NotificationsPage.verifyUserIsSendNotifications(NotificationsPage.java:33)
at com.obsqura.pages.NotificationsPage.verifyUserIsSendNotifications(NotificationsPage.java:33)
at com.obsqura.pages.NotificationsPage.verifyUserIsSendNotifications(NotificationsPage.java:33)
at com.obsqura.pages.NotificationsPage.verifyUserIsSendNotifications(NotificationsPage.java:33)
at com.obsqura.pages.NotificationsPage.verifyUserIsSendNotifications(NotificationsPage.java:33)
at com.obsqura.pages.NotificationsPage.verifyUserIsSendNotifications(NotificationsPage.java:33)
at com.obsqura.pages.NotificationsPage.verifyUserIsSendNotifications(NotificationsPage.java:33)
at com.obsqura.pages.NotificationsPage.verifyUserIsSendNotifications(NotificationsPage.java:33)
at com.obsqura.pages.NotificationsPage.verifyUserIsSendNotifications(NotificationsPage.java:33)
at com.obsqura.pages.NotificationsPage.verifyUserIsSendNotifications(NotificationsPage.java:33)
at com.obsqura.pages.NotificationsPage.verifyUserIsSendNotifications(NotificationsPage.java:33)
at com.obsqura.pages.NotificationsPage.verifyUserIsSendNotifications(NotificationsPage.java:33)
at com.obsqura.pages.NotificationsPage.verifyUserIsSendNotifications(NotificationsPage.java:33)
at com.obsqura.pages.NotificationsPage.verifyUserIsSendNotifications(NotificationsPage.java:33)
at com.obsqura.pages.NotificationsPage.verifyUserIsSendNotifications(NotificationsPage.java:33)
at com.obsqura.pages.NotificationsPage.verifyUserIsSendNotifications(NotificationsPage.java:33)
at com.obsqura.pages.NotificationsPage.verifyUserIsSendNotifications(NotificationsPage.java:33)
at com.obsqura.pages.NotificationsPage.verifyUserIsSendNotifications(NotificationsPage.java:33)
at com.obsqura.pages.NotificationsPage.verifyUserIsSendNotifications(NotificationsPage.java:33)
at com.obsqura.pages.NotificationsPage.verifyUserIsSendNotifications(NotificationsPage.java:33)
at com.obsqura.pages.NotificationsPage.verifyUserIsSendNotifications(NotificationsPage.java:33)
at com.obsqura.pages.NotificationsPage.verifyUserIsSendNotifications(NotificationsPage.java:33)
at com.obsqura.pages.NotificationsPage.verifyUserIsSendNotifications(NotificationsPage.java:33)
at com.obsqura.pages.NotificationsPage.verifyUserIsSendNotifications(NotificationsPage.java:33)
at com.obsqura.pages.NotificationsPage.verifyUserIsSendNotifications(NotificationsPage.java:33)
at com.obsqura.pages.NotificationsPage.verifyUserIsSendNotifications(NotificationsPage.java:33)
at com.obsqura.pages.NotificationsPage.verifyUserIsSendNotifications(NotificationsPage.java:33)
at com.obsqura.pages.NotificationsPage.verifyUserIsSendNotifications(NotificationsPage.java:33)
at com.obsqura.pages.NotificationsPage.verifyUserIsSendNotifications(NotificationsPage.java:33)
at com.obsqura.pages.NotificationsPage.verifyUserIsSendNotifications(NotificationsPage.java:33)
at com.obsqura.pages.NotificationsPage.verifyUserIsSendNotifications(NotificationsPage.java:33)
at com.obsqura.pages.NotificationsPage.verifyUserIsSendNotifications(NotificationsPage.java:33)
at com.obsqura.pages.NotificationsPage.verifyUserIsSendNotifications(NotificationsPage.java:33)
at com.obsqura.pages.NotificationsPage.verifyUserIsSendNotifications(NotificationsPage.java:33)
at com.obsqura.pages.NotificationsPage.verifyUserIsSendNotifications(NotificationsPage.java:33)
at com.obsqura.pages.NotificationsPage.verifyUserIsSendNotifications(NotificationsPage.java:33)
at com.obsqura.pages.NotificationsPage.verifyUserIsSendNotifications(NotificationsPage.java:33)
at com.obsqura.pages.NotificationsPage.verifyUserIsSendNotifications(NotificationsPage.java:33)
at com.obsqura.pages.NotificationsPage.verifyUserIsSendNotifications(NotificationsPage.java:33)
at com.obsqura.pages.NotificationsPage.verifyUserIsSendNotifications(NotificationsPage.java:33)
at com.obsqura.pages.NotificationsPage.verifyUserIsSendNotifications(NotificationsPage.java:33)
at com.obsqura.pages.NotificationsPage.verifyUserIsSendNotifications(NotificationsPage.java:33)
at com.obsqura.pages.NotificationsPage.verifyUserIsSendNotifications(NotificationsPage.java:33)
at com.obsqura.pages.NotificationsPage.verifyUserIsSendNotifications(NotificationsPage.java:33)
at com.obsqura.pages.NotificationsPage.verifyUserIsSendNotifications(NotificationsPage.java:33)
at com.obsqura.pages.NotificationsPage.verifyUserIsSendNotifications(NotificationsPage.java:33)
at com.obsqura.pages.NotificationsPage.verifyUserIsSendNotifications(NotificationsPage.java:33)
at com.obsqura.pages.NotificationsPage.verifyUserIsSendNotifications(NotificationsPage.java:33)
at com.obsqura.pages.NotificationsPage.verifyUserIsSendNotifications(NotificationsPage.java:33)
at com.obsqura.pages.NotificationsPage.verifyUserIsSendNotifications(NotificationsPage.java:33)
at com.obsqura.pages.NotificationsPage.verifyUserIsSendNotifications(NotificationsPage.java:33)
at com.obsqura.pages.NotificationsPage.verifyUserIsSendNotifications(NotificationsPage.java:33)
at com.obsqura.pages.NotificationsPage.verifyUserIsSendNotifications(NotificationsPage.java:33)
at com.obsqura.pages.NotificationsPage.verifyUserIsSendNotifications(NotificationsPage.java:33)
at com.obsqura.pages.NotificationsPage.verifyUserIsSendNotifications(NotificationsPage.java:33)
at com.obsqura.pages.NotificationsPage.verifyUserIsSendNotifications(NotificationsPage.java:33)
at com.obsqura.pages.NotificationsPage.verifyUserIsSendNotifications(NotificationsPage.java:33)
at com.obsqura.pages.NotificationsPage.verifyUserIsSendNotifications(NotificationsPage.java:33)
at com.obsqura.pages.NotificationsPage.verifyUserIsSendNotifications(NotificationsPage.java:33)
at com.obsqura.pages.NotificationsPage.verifyUserIsSendNotifications(NotificationsPage.java:33)
at com.obsqura.pages.NotificationsPage.verifyUserIsSendNotifications(NotificationsPage.java:33)
at com.obsqura.pages.NotificationsPage.verifyUserIsSendNotifications(NotificationsPage.java:33)
at com.obsqura.pages.NotificationsPage.verifyUserIsSendNotifications(NotificationsPage.java:33)
at com.obsqura.pages.NotificationsPage.verifyUserIsSendNotifications(NotificationsPage.java:33)
at com.obsqura.pages.NotificationsPage.verifyUserIsSendNotifications(NotificationsPage.java:33)
at com.obsqura.pages.NotificationsPage.verifyUserIsSendNotifications(NotificationsPage.java:33)
at com.obsqura.pages.NotificationsPage.verifyUserIsSendNotifications(NotificationsPage.java:33)
at com.obsqura.pages.NotificationsPage.verifyUserIsSendNotifications(NotificationsPage.java:33)
at com.obsqura.pages.NotificationsPage.verifyUserIsSendNotifications(NotificationsPage.java:33)
at com.obsqura.pages.NotificationsPage.verifyUserIsSendNotifications(NotificationsPage.java:33)
at com.obsqura.pages.NotificationsPage.verifyUserIsSendNotifications(NotificationsPage.java:33)
at com.obsqura.pages.NotificationsPage.verifyUserIsSendNotifications(NotificationsPage.java:33)
at com.obsqura.pages.NotificationsPage.verifyUserIsSendNotifications(NotificationsPage.java:33)
at com.obsqura.pages.NotificationsPage.verifyUserIsSendNotifications(NotificationsPage.java:33)
at com.obsqura.pages.NotificationsPage.verifyUserIsSendNotifications(NotificationsPage.java:33)
at com.obsqura.pages.NotificationsPage.verifyUserIsSendNotifications(NotificationsPage.java:33)
at com.obsqura.pages.NotificationsPage.verifyUserIsSendNotifications(NotificationsPage.java:33)
at com.obsqura.pages.NotificationsPage.verifyUserIsSendNotifications(NotificationsPage.java:33)
at com.obsqura.pages.NotificationsPage.verifyUserIsSendNotifications(NotificationsPage.java:33)
at com.obsqura.pages.NotificationsPage.verifyUserIsSendNotifications(NotificationsPage.java:33)
at com.obsqura.pages.NotificationsPage.verifyUserIsSendNotifications(NotificationsPage.java:33)
at com.obsqura.pages.NotificationsPage.verifyUserIsSendNotifications(NotificationsPage.java:33)
at com.obsqura.pages.NotificationsPage.verifyUserIsSendNotifications(NotificationsPage.java:33)
at com.obsqura.pages.NotificationsPage.verifyUserIsSendNotifications(NotificationsPage.java:33)
at com.obsqura.pages.NotificationsPage.verifyUserIsSendNotifications(NotificationsPage.java:33)
at com.obsqura.pages.NotificationsPage.verifyUserIsSendNotifications(NotificationsPage.java:33)
at com.obsqura.pages.NotificationsPage.verifyUserIsSendNotifications(NotificationsPage.java:33)
at com.obsqura.pages.NotificationsPage.verifyUserIsSendNotifications(NotificationsPage.java:33)
at com.obsqura.pages.NotificationsPage.verifyUserIsSendNotifications(NotificationsPage.java:33)
at com.obsqura.pages.NotificationsPage.verifyUserIsSendNotifications(NotificationsPage.java:33)
at com.obsqura.pages.NotificationsPage.verifyUserIsSendNotifications(NotificationsPage.java:33)
at com.obsqura.pages.NotificationsPage.verifyUserIsSendNotifications(NotificationsPage.java:33)
at com.obsqura.pages.NotificationsPage.verifyUserIsSendNotifications(NotificationsPage.java:33)
at com.obsqura.pages.NotificationsPage.verifyUserIsSendNotifications(NotificationsPage.java:33)
at com.obsqura.pages.NotificationsPage.verifyUserIsSendNotifications(NotificationsPage.java:33)
at com.obsqura.pages.NotificationsPage.verifyUserIsSendNotifications(NotificationsPage.java:33)
at com.obsqura.pages.NotificationsPage.verifyUserIsSendNotifications(NotificationsPage.java:33)
at com.obsqura.pages.NotificationsPage.verifyUserIsSendNotifications(NotificationsPage.java:33)
at com.obsqura.pages.NotificationsPage.verifyUserIsSendNotifications(NotificationsPage.java:33)
at com.obsqura.pages.NotificationsPage.verifyUserIsSendNotifications(NotificationsPage.java:33)
at com.obsqura.pages.NotificationsPage.verifyUserIsSendNotifications(NotificationsPage.java:33)
at com.obsqura.pages.NotificationsPage.verifyUserIsSendNotifications(NotificationsPage.java:33)
at com.obsqura.pages.NotificationsPage.verifyUserIsSendNotifications(NotificationsPage.java:33)
at com.obsqura.pages.NotificationsPage.verifyUserIsSendNotifications(NotificationsPage.java:33)
at com.obsqura.pages.NotificationsPage.verifyUserIsSendNotifications(NotificationsPage.java:33)
at com.obsqura.pages.NotificationsPage.verifyUserIsSendNotifications(NotificationsPage.java:33)
at com.obsqura.pages.NotificationsPage.verifyUserIsSendNotifications(NotificationsPage.java:33)
at com.obsqura.pages.NotificationsPage.verifyUserIsSendNotifications(NotificationsPage.java:33)
at com.obsqura.pages.NotificationsPage.verifyUserIsSendNotifications(NotificationsPage.java:33)
at com.obsqura.pages.NotificationsPage.verifyUserIsSendNotifications(NotificationsPage.java:33)
at com.obsqura.pages.NotificationsPage.verifyUserIsSendNotifications(NotificationsPage.java:33)
at com.obsqura.pages.NotificationsPage.verifyUserIsSendNotifications(NotificationsPage.java:33)
at com.obsqura.pages.NotificationsPage.verifyUserIsSendNotifications(NotificationsPage.java:33)
at com.obsqura.pages.NotificationsPage.verifyUserIsSendNotifications(NotificationsPage.java:33)
at com.obsqura.pages.NotificationsPage.verifyUserIsSendNotifications(NotificationsPage.java:33)
at com.obsqura.pages.NotificationsPage.verifyUserIsSendNotifications(NotificationsPage.java:33)
at com.obsqura.pages.NotificationsPage.verifyUserIsSendNotifications(NotificationsPage.java:33)
at com.obsqura.pages.NotificationsPage.verifyUserIsSendNotifications(NotificationsPage.java:33)
at com.obsqura.pages.NotificationsPage.verifyUserIsSendNotifications(NotificationsPage.java:33)
at com.obsqura.pages.NotificationsPage.verifyUserIsSendNotifications(NotificationsPage.java:33)
at com.obsqura.pages.NotificationsPage.verifyUserIsSendNotifications(NotificationsPage.java:33)
at com.obsqura.pages.NotificationsPage.verifyUserIsSendNotifications(NotificationsPage.java:33)
at com.obsqura.pages.NotificationsPage.verifyUserIsSendNotifications(NotificationsPage.java:33)
at com.obsqura.pages.NotificationsPage.verifyUserIsSendNotifications(NotificationsPage.java:33)
at com.obsqura.pages.NotificationsPage.verifyUserIsSendNotifications(NotificationsPage.java:33)
at com.obsqura.pages.NotificationsPage.verifyUserIsSendNotifications(NotificationsPage.java:33)
at com.obsqura.pages.NotificationsPage.verifyUserIsSendNotifications(NotificationsPage.java:33)
at com.obsqura.pages.NotificationsPage.verifyUserIsSendNotifications(NotificationsPage.java:33)
at com.obsqura.pages.NotificationsPage.verifyUserIsSendNotifications(NotificationsPage.java:33)
at com.obsqura.pages.NotificationsPage.verifyUserIsSendNotifications(NotificationsPage.java:33)
at com.obsqura.pages.NotificationsPage.verifyUserIsSendNotifications(NotificationsPage.java:33)
at com.obsqura.pages.NotificationsPage.verifyUserIsSendNotifications(NotificationsPage.java:33)
at com.obsqura.pages.NotificationsPage.verifyUserIsSendNotifications(NotificationsPage.java:33)
at com.obsqura.pages.NotificationsPage.verifyUserIsSendNotifications(NotificationsPage.java:33)
at com.obsqura.pages.NotificationsPage.verifyUserIsSendNotifications(NotificationsPage.java:33)
at com.obsqura.pages.NotificationsPage.verifyUserIsSendNotifications(NotificationsPage.java:33)
at com.obsqura.pages.NotificationsPage.verifyUserIsSendNotifications(NotificationsPage.java:33)
at com.obsqura.pages.NotificationsPage.verifyUserIsSendNotifications(NotificationsPage.java:33)
at com.obsqura.pages.NotificationsPage.verifyUserIsSendNotifications(NotificationsPage.java:33)
at com.obsqura.pages.NotificationsPage.verifyUserIsSendNotifications(NotificationsPage.java:33)
at com.obsqura.pages.NotificationsPage.verifyUserIsSendNotifications(NotificationsPage.java:33)
at com.obsqura.pages.NotificationsPage.verifyUserIsSendNotifications(NotificationsPage.java:33)
at com.obsqura.pages.NotificationsPage.verifyUserIsSendNotifications(NotificationsPage.java:33)
at com.obsqura.pages.NotificationsPage.verifyUserIsSendNotifications(NotificationsPage.java:33)
at com.obsqura.pages.NotificationsPage.verifyUserIsSendNotifications(NotificationsPage.java:33)
at com.obsqura.pages.NotificationsPage.verifyUserIsSendNotifications(NotificationsPage.java:33)
at com.obsqura.pages.NotificationsPage.verifyUserIsSendNotifications(NotificationsPage.java:33)
at com.obsqura.pages.NotificationsPage.verifyUserIsSendNotifications(NotificationsPage.java:33)
at com.obsqura.pages.NotificationsPage.verifyUserIsSendNotifications(NotificationsPage.java:33)
at com.obsqura.pages.NotificationsPage.verifyUserIsSendNotifications(NotificationsPage.java:33)
at com.obsqura.pages.NotificationsPage.verifyUserIsSendNotifications(NotificationsPage.java:33)
at com.obsqura.pages.NotificationsPage.verifyUserIsSendNotifications(NotificationsPage.java:33)
at com.obsqura.pages.NotificationsPage.verifyUserIsSendNotifications(NotificationsPage.java:33)
at com.obsqura.pages.NotificationsPage.verifyUserIsSendNotifications(NotificationsPage.java:33)
at com.obsqura.pages.NotificationsPage.verifyUserIsSendNotifications(NotificationsPage.java:33)
at com.obsqura.pages.NotificationsPage.verifyUserIsSendNotifications(NotificationsPage.java:33)
at com.obsqura.pages.NotificationsPage.verifyUserIsSendNotifications(NotificationsPage.java:33)
at com.obsqura.pages.NotificationsPage.verifyUserIsSendNotifications(NotificationsPage.java:33)
at com.obsqura.pages.NotificationsPage.verifyUserIsSendNotifications(NotificationsPage.java:33)
at com.obsqura.pages.NotificationsPage.verifyUserIsSendNotifications(NotificationsPage.java:33)
at com.obsqura.pages.NotificationsPage.verifyUserIsSendNotifications(NotificationsPage.java:33)
at com.obsqura.pages.NotificationsPage.verifyUserIsSendNotifications(NotificationsPage.java:33)
at com.obsqura.pages.NotificationsPage.verifyUserIsSendNotifications(NotificationsPage.java:33)
at com.obsqura.pages.NotificationsPage.verifyUserIsSendNotifications(NotificationsPage.java:33)
at com.obsqura.pages.NotificationsPage.verifyUserIsSendNotifications(NotificationsPage.java:33)
at com.obsqura.pages.NotificationsPage.verifyUserIsSendNotifications(NotificationsPage.java:33)
at com.obsqura.pages.NotificationsPage.verifyUserIsSendNotifications(NotificationsPage.java:33)
]]>
    </error>
  </testcase> <!-- verifyUserIsSendNotifications -->
</testsuite> <!-- com.obsqura.tests.NotificationTest -->
